11:41:37.879 [Worker-526] INFO  o.a.AndroidAnnotationProcessor:85 - Initialize AndroidAnnotations 3.0.1 with options {phase=BUILD}
11:41:37.880 [Worker-526] INFO  o.a.AndroidAnnotationProcessor:109 - Start processing for 6 annotations on 12 elements
11:41:37.890 [Worker-526] DEBUG o.a.h.AndroidManifestFinder:137 - AndroidManifest.xml file found in parent folder E:\workspace\tab_faragment_shardSdk_demo: E:\workspace\tab_faragment_shardSdk_demo\AndroidManifest.xml
11:41:37.913 [Worker-526] WARN  o.a.h.AndroidManifestFinder:252 - A class activity declared in the AndroidManifest.xml cannot be found in the compile path: [.wxapi.WXEntryActivity]
11:41:37.913 [Worker-526] INFO  o.a.AndroidAnnotationProcessor:172 - AndroidManifest.xml found: AndroidManifest [applicationPackage=com.jayqqaa12.news, componentQualifiedNames=[com.jayqqaa12.news.ui.MainActivity_, com.jayqqaa12.news.ui.LoginActivity_, cn.sharesdk.framework.ShareSDKUIShell], permissionQualifiedNames=[android.permission.ACCESS_FINE_LOCATION, android.permission.MOUNT_UNMOUNT_FILESYSTEMS, android.permission.ACCESS_NETWORK_STATE, android.permission.KILL_BACKGROUND_PROCESSES, android.permission.RESTART_PACKAGES, android.permission.RECEIVE_BOOT_COMPLETED, android.permission.ACCESS_COARSE_LOCATION, android.permission.GET_TASKS, android.permission.INTERNET, android.permission.ACCESS_WIFI_STATE, android.permission.ACCESS_NETWORK_STATE, android.permission.CHANGE_WIFI_STATE, android.permission.WRITE_EXTERNAL_STORAGE, android.permission.READ_PHONE_STATE, android.permission.MANAGE_ACCOUNTS, android.permission.GET_ACCOUNTS], applicationClassName=com.jayqqaa12.news.App, libraryProject=false, debugabble=false, minSdkVersion=9, maxSdkVersion=-1, targetSdkVersion=17]
11:41:37.914 [Worker-526] INFO  o.a.r.ProjectRClassFinder:50 - Found project R class: com.jayqqaa12.news.R
11:41:37.915 [Worker-526] INFO  o.a.r.AndroidRClassFinder:44 - Found Android class: android.R
11:41:37.919 [Worker-526] INFO  o.a.p.ModelValidator:42 - Validating elements
11:41:37.919 [Worker-526] DEBUG o.a.p.ModelValidator:62 - Validating with EActivityHandler: [com.jayqqaa12.news.ui.MainActivity, com.jayqqaa12.news.ui.LoginActivity]
11:41:37.920 [Worker-526] DEBUG o.a.p.ModelValidator:62 - Validating with EFragmentHandler: [com.jayqqaa12.news.ui.PageFragment, com.jayqqaa12.news.ui.TabFragment]
11:41:37.921 [Worker-526] DEBUG o.a.p.ModelValidator:62 - Validating with ViewByIdHandler: [vp, iv_line, dl, lv_dl, imageview]
11:41:37.922 [Worker-526] DEBUG o.a.p.ModelValidator:62 - Validating with ClickHandler: [public void onClick(android.view.View) ]
11:41:37.923 [Worker-526] DEBUG o.a.p.ModelValidator:62 - Validating with ItemClickHandler: [public void onItemClick(int) ]
11:41:37.924 [Worker-526] DEBUG o.a.p.ModelValidator:62 - Validating with AfterViewsHandler: [public void init() , public void init() , public void init() ]
11:41:37.924 [Worker-526] INFO  o.a.p.ModelProcessor:73 - Processing root elements
11:41:37.925 [Worker-526] DEBUG o.a.p.ModelProcessor:80 - Processing root elements EActivityHandler: [com.jayqqaa12.news.ui.MainActivity, com.jayqqaa12.news.ui.LoginActivity]
11:41:37.927 [Worker-526] DEBUG o.a.p.ModelProcessor:80 - Processing root elements EFragmentHandler: [com.jayqqaa12.news.ui.PageFragment, com.jayqqaa12.news.ui.TabFragment]
11:41:37.928 [Worker-526] INFO  o.a.p.ModelProcessor:104 - Processing enclosed elements
11:41:37.929 [Worker-526] DEBUG o.a.p.ModelProcessor:116 - Processing enclosed elements with BeanHandler: [org.androidannotations.model.AnnotationElements$AnnotatedAndRootElements@16ac9e89, org.androidannotations.model.AnnotationElements$AnnotatedAndRootElements@6fd8ad37, org.androidannotations.model.AnnotationElements$AnnotatedAndRootElements@5a3bc092]
11:41:37.930 [Worker-526] DEBUG o.a.p.ModelProcessor:116 - Processing enclosed elements with AfterInjectHandler: [org.androidannotations.model.AnnotationElements$AnnotatedAndRootElements@7f712447, org.androidannotations.model.AnnotationElements$AnnotatedAndRootElements@709b0535, org.androidannotations.model.AnnotationElements$AnnotatedAndRootElements@278ee825]
11:41:37.930 [Worker-526] DEBUG o.a.p.ModelProcessor:116 - Processing enclosed elements with AfterViewsHandler: [org.androidannotations.model.AnnotationElements$AnnotatedAndRootElements@51731454, org.androidannotations.model.AnnotationElements$AnnotatedAndRootElements@5d04f2ae, org.androidannotations.model.AnnotationElements$AnnotatedAndRootElements@172ae96d]
11:41:37.931 [Worker-526] INFO  o.a.AndroidAnnotationProcessor:251 - Number of files generated by AndroidAnnotations: 4
11:41:37.931 [Worker-526] INFO  o.a.g.ApiCodeGenerator:52 - Writting following API classes in project: []
11:41:37.931 [Worker-526] DEBUG o.a.g.SourceCodewriter:55 - Generating class: com.jayqqaa12.news.ui.LoginActivity_
11:41:37.934 [Worker-526] DEBUG o.a.g.SourceCodewriter:55 - Generating class: com.jayqqaa12.news.ui.MainActivity_
11:41:37.936 [Worker-526] DEBUG o.a.g.SourceCodewriter:55 - Generating class: com.jayqqaa12.news.ui.PageFragment_
11:41:37.938 [Worker-526] DEBUG o.a.g.SourceCodewriter:55 - Generating class: com.jayqqaa12.news.ui.TabFragment_
11:41:37.940 [Worker-526] INFO  o.a.p.TimeStats:81 - Time measurements: [Whole Processing = 60 ms], [Extract Manifest = 23 ms], [Extract Annotations = 9 ms], [Generate Sources = 9 ms], [Process Annotations = 7 ms], [Find R Classes = 5 ms], [Validate Annotations = 5 ms], 
11:41:37.940 [Worker-526] INFO  o.a.AndroidAnnotationProcessor:123 - Finish processing
11:41:42.61 [Worker-530] INFO  o.a.AndroidAnnotationProcessor:85 - Initialize AndroidAnnotations 3.0.1 with options {phase=BUILD}
14:29:27.603 [Worker-599] INFO  o.a.AndroidAnnotationProcessor:85 - Initialize AndroidAnnotations 3.0.1 with options {phase=BUILD}
14:29:27.605 [Worker-599] INFO  o.a.AndroidAnnotationProcessor:109 - Start processing for 6 annotations on 12 elements
14:29:27.614 [Worker-599] DEBUG o.a.h.AndroidManifestFinder:137 - AndroidManifest.xml file found in parent folder E:\workspace\tab_faragment_shardSdk_demo: E:\workspace\tab_faragment_shardSdk_demo\AndroidManifest.xml
14:29:27.616 [Worker-599] WARN  o.a.h.AndroidManifestFinder:252 - A class activity declared in the AndroidManifest.xml cannot be found in the compile path: [.wxapi.WXEntryActivity]
14:29:27.616 [Worker-599] INFO  o.a.AndroidAnnotationProcessor:172 - AndroidManifest.xml found: AndroidManifest [applicationPackage=com.jayqqaa12.news, componentQualifiedNames=[com.jayqqaa12.news.ui.MainActivity_, com.jayqqaa12.news.ui.LoginActivity_, cn.sharesdk.framework.ShareSDKUIShell], permissionQualifiedNames=[android.permission.ACCESS_FINE_LOCATION, android.permission.MOUNT_UNMOUNT_FILESYSTEMS, android.permission.ACCESS_NETWORK_STATE, android.permission.KILL_BACKGROUND_PROCESSES, android.permission.RESTART_PACKAGES, android.permission.RECEIVE_BOOT_COMPLETED, android.permission.ACCESS_COARSE_LOCATION, android.permission.GET_TASKS, android.permission.INTERNET, android.permission.ACCESS_WIFI_STATE, android.permission.ACCESS_NETWORK_STATE, android.permission.CHANGE_WIFI_STATE, android.permission.WRITE_EXTERNAL_STORAGE, android.permission.READ_PHONE_STATE, android.permission.MANAGE_ACCOUNTS, android.permission.GET_ACCOUNTS], applicationClassName=com.jayqqaa12.news.App, libraryProject=false, debugabble=false, minSdkVersion=9, maxSdkVersion=-1, targetSdkVersion=17]
14:29:27.617 [Worker-599] INFO  o.a.r.ProjectRClassFinder:50 - Found project R class: com.jayqqaa12.news.R
14:29:27.618 [Worker-599] INFO  o.a.r.AndroidRClassFinder:44 - Found Android class: android.R
14:29:27.622 [Worker-599] INFO  o.a.p.ModelValidator:42 - Validating elements
14:29:27.623 [Worker-599] DEBUG o.a.p.ModelValidator:62 - Validating with EActivityHandler: [com.jayqqaa12.news.ui.MainActivity, com.jayqqaa12.news.ui.LoginActivity]
14:29:27.623 [Worker-599] DEBUG o.a.p.ModelValidator:62 - Validating with EFragmentHandler: [com.jayqqaa12.news.ui.PageFragment, com.jayqqaa12.news.ui.TabFragment]
14:29:27.624 [Worker-599] DEBUG o.a.p.ModelValidator:62 - Validating with ViewByIdHandler: [iv_line, vp, imageview, dl, lv_dl]
14:29:27.626 [Worker-599] DEBUG o.a.p.ModelValidator:62 - Validating with ClickHandler: [public void onClick(android.view.View) ]
14:29:27.626 [Worker-599] DEBUG o.a.p.ModelValidator:62 - Validating with ItemClickHandler: [public void onItemClick(int) ]
14:29:27.627 [Worker-599] DEBUG o.a.p.ModelValidator:62 - Validating with AfterViewsHandler: [public void init() , public void init() , public void init() ]
14:29:27.628 [Worker-599] INFO  o.a.p.ModelProcessor:73 - Processing root elements
14:29:27.628 [Worker-599] DEBUG o.a.p.ModelProcessor:80 - Processing root elements EActivityHandler: [com.jayqqaa12.news.ui.MainActivity, com.jayqqaa12.news.ui.LoginActivity]
14:29:27.630 [Worker-599] DEBUG o.a.p.ModelProcessor:80 - Processing root elements EFragmentHandler: [com.jayqqaa12.news.ui.PageFragment, com.jayqqaa12.news.ui.TabFragment]
14:29:27.631 [Worker-599] INFO  o.a.p.ModelProcessor:104 - Processing enclosed elements
14:29:27.632 [Worker-599] DEBUG o.a.p.ModelProcessor:116 - Processing enclosed elements with BeanHandler: [org.androidannotations.model.AnnotationElements$AnnotatedAndRootElements@94b61f3, org.androidannotations.model.AnnotationElements$AnnotatedAndRootElements@17ebfb49, org.androidannotations.model.AnnotationElements$AnnotatedAndRootElements@5b5fb241]
14:29:27.633 [Worker-599] DEBUG o.a.p.ModelProcessor:116 - Processing enclosed elements with AfterInjectHandler: [org.androidannotations.model.AnnotationElements$AnnotatedAndRootElements@55f8ee04, org.androidannotations.model.AnnotationElements$AnnotatedAndRootElements@3c1469ce, org.androidannotations.model.AnnotationElements$AnnotatedAndRootElements@3aedcf1b]
14:29:27.633 [Worker-599] DEBUG o.a.p.ModelProcessor:116 - Processing enclosed elements with AfterViewsHandler: [org.androidannotations.model.AnnotationElements$AnnotatedAndRootElements@52b813d6, org.androidannotations.model.AnnotationElements$AnnotatedAndRootElements@49d274b4, org.androidannotations.model.AnnotationElements$AnnotatedAndRootElements@602e7232]
14:29:27.634 [Worker-599] INFO  o.a.AndroidAnnotationProcessor:251 - Number of files generated by AndroidAnnotations: 4
14:29:27.634 [Worker-599] INFO  o.a.g.ApiCodeGenerator:52 - Writting following API classes in project: []
14:29:27.635 [Worker-599] DEBUG o.a.g.SourceCodewriter:55 - Generating class: com.jayqqaa12.news.ui.LoginActivity_
14:29:27.637 [Worker-599] DEBUG o.a.g.SourceCodewriter:55 - Generating class: com.jayqqaa12.news.ui.MainActivity_
14:29:27.640 [Worker-599] DEBUG o.a.g.SourceCodewriter:55 - Generating class: com.jayqqaa12.news.ui.PageFragment_
14:29:27.642 [Worker-599] DEBUG o.a.g.SourceCodewriter:55 - Generating class: com.jayqqaa12.news.ui.TabFragment_
14:29:27.644 [Worker-599] INFO  o.a.p.TimeStats:81 - Time measurements: [Whole Processing = 39 ms], [Generate Sources = 10 ms], [Extract Annotations = 8 ms], [Validate Annotations = 6 ms], [Process Annotations = 6 ms], [Find R Classes = 5 ms], [Extract Manifest = 3 ms], 
14:29:27.645 [Worker-599] INFO  o.a.AndroidAnnotationProcessor:123 - Finish processing
15:17:50.432 [Worker-620] INFO  o.a.AndroidAnnotationProcessor:85 - Initialize AndroidAnnotations 3.0.1 with options {phase=BUILD}
15:17:50.433 [Worker-620] INFO  o.a.AndroidAnnotationProcessor:109 - Start processing for 6 annotations on 10 elements
15:17:50.442 [Worker-620] DEBUG o.a.h.AndroidManifestFinder:137 - AndroidManifest.xml file found in parent folder E:\workspace\tab_faragment_shardSdk_demo: E:\workspace\tab_faragment_shardSdk_demo\AndroidManifest.xml
15:17:50.444 [Worker-620] WARN  o.a.h.AndroidManifestFinder:252 - A class activity declared in the AndroidManifest.xml cannot be found in the compile path: [cn.sharesdk.framework.ShareSDKUIShell]
15:17:50.444 [Worker-620] WARN  o.a.h.AndroidManifestFinder:252 - A class activity declared in the AndroidManifest.xml cannot be found in the compile path: [.wxapi.WXEntryActivity]
15:17:50.445 [Worker-620] INFO  o.a.AndroidAnnotationProcessor:172 - AndroidManifest.xml found: AndroidManifest [applicationPackage=com.jayqqaa12.news, componentQualifiedNames=[com.jayqqaa12.news.ui.MainActivity_, com.jayqqaa12.news.ui.LoginActivity_], permissionQualifiedNames=[android.permission.ACCESS_FINE_LOCATION, android.permission.MOUNT_UNMOUNT_FILESYSTEMS, android.permission.ACCESS_NETWORK_STATE, android.permission.KILL_BACKGROUND_PROCESSES, android.permission.RESTART_PACKAGES, android.permission.RECEIVE_BOOT_COMPLETED, android.permission.ACCESS_COARSE_LOCATION, android.permission.GET_TASKS, android.permission.INTERNET, android.permission.ACCESS_WIFI_STATE, android.permission.ACCESS_NETWORK_STATE, android.permission.CHANGE_WIFI_STATE, android.permission.WRITE_EXTERNAL_STORAGE, android.permission.READ_PHONE_STATE, android.permission.MANAGE_ACCOUNTS, android.permission.GET_ACCOUNTS], applicationClassName=com.jayqqaa12.news.App, libraryProject=false, debugabble=false, minSdkVersion=9, maxSdkVersion=-1, targetSdkVersion=17]
15:17:50.445 [Worker-620] INFO  o.a.r.ProjectRClassFinder:50 - Found project R class: com.jayqqaa12.news.R
15:17:50.446 [Worker-620] INFO  o.a.r.AndroidRClassFinder:44 - Found Android class: android.R
15:17:50.450 [Worker-620] INFO  o.a.p.ModelValidator:42 - Validating elements
15:17:50.451 [Worker-620] DEBUG o.a.p.ModelValidator:62 - Validating with EActivityHandler: [com.jayqqaa12.news.ui.MainActivity, com.jayqqaa12.news.ui.LoginActivity]
15:17:50.452 [Worker-620] DEBUG o.a.p.ModelValidator:62 - Validating with EFragmentHandler: [com.jayqqaa12.news.ui.PageFragment, com.jayqqaa12.news.ui.TabFragment]
15:17:50.452 [Worker-620] DEBUG o.a.p.ModelValidator:62 - Validating with ViewByIdHandler: [dl, lv_dl, vp, imageview, iv_line]
15:17:50.454 [Worker-620] DEBUG o.a.p.ModelValidator:62 - Validating with ClickHandler: [public void onClick(android.view.View) ]
15:17:50.454 [Worker-620] DEBUG o.a.p.ModelValidator:62 - Validating with ItemClickHandler: [public void onItemClick(int) ]
15:17:50.455 [Worker-620] DEBUG o.a.p.ModelValidator:62 - Validating with AfterViewsHandler: [public void init() , public void init() , public void init() ]
15:17:50.456 [Worker-620] INFO  o.a.p.ModelProcessor:73 - Processing root elements
15:17:50.456 [Worker-620] DEBUG o.a.p.ModelProcessor:80 - Processing root elements EActivityHandler: [com.jayqqaa12.news.ui.MainActivity, com.jayqqaa12.news.ui.LoginActivity]
15:17:50.458 [Worker-620] DEBUG o.a.p.ModelProcessor:80 - Processing root elements EFragmentHandler: [com.jayqqaa12.news.ui.PageFragment, com.jayqqaa12.news.ui.TabFragment]
15:17:50.458 [Worker-620] INFO  o.a.p.ModelProcessor:104 - Processing enclosed elements
15:17:50.460 [Worker-620] DEBUG o.a.p.ModelProcessor:116 - Processing enclosed elements with BeanHandler: [org.androidannotations.model.AnnotationElements$AnnotatedAndRootElements@3c4924ca, org.androidannotations.model.AnnotationElements$AnnotatedAndRootElements@3431eaf8, org.androidannotations.model.AnnotationElements$AnnotatedAndRootElements@765478b3]
15:17:50.460 [Worker-620] DEBUG o.a.p.ModelProcessor:116 - Processing enclosed elements with AfterInjectHandler: [org.androidannotations.model.AnnotationElements$AnnotatedAndRootElements@5c7041b2, org.androidannotations.model.AnnotationElements$AnnotatedAndRootElements@3bfb70cf, org.androidannotations.model.AnnotationElements$AnnotatedAndRootElements@507c9eb4]
15:17:50.461 [Worker-620] DEBUG o.a.p.ModelProcessor:116 - Processing enclosed elements with AfterViewsHandler: [org.androidannotations.model.AnnotationElements$AnnotatedAndRootElements@4de93c87, org.androidannotations.model.AnnotationElements$AnnotatedAndRootElements@259764b4, org.androidannotations.model.AnnotationElements$AnnotatedAndRootElements@78ab44cc]
15:17:50.461 [Worker-620] INFO  o.a.AndroidAnnotationProcessor:251 - Number of files generated by AndroidAnnotations: 4
15:17:50.461 [Worker-620] INFO  o.a.g.ApiCodeGenerator:52 - Writting following API classes in project: []
15:17:50.462 [Worker-620] DEBUG o.a.g.SourceCodewriter:55 - Generating class: com.jayqqaa12.news.ui.LoginActivity_
15:17:50.464 [Worker-620] DEBUG o.a.g.SourceCodewriter:55 - Generating class: com.jayqqaa12.news.ui.MainActivity_
15:17:50.467 [Worker-620] DEBUG o.a.g.SourceCodewriter:55 - Generating class: com.jayqqaa12.news.ui.PageFragment_
15:17:50.469 [Worker-620] DEBUG o.a.g.SourceCodewriter:55 - Generating class: com.jayqqaa12.news.ui.TabFragment_
15:17:50.470 [Worker-620] INFO  o.a.p.TimeStats:81 - Time measurements: [Whole Processing = 37 ms], [Extract Annotations = 9 ms], [Generate Sources = 9 ms], [Validate Annotations = 6 ms], [Find R Classes = 5 ms], [Process Annotations = 5 ms], [Extract Manifest = 3 ms], 
15:17:50.471 [Worker-620] INFO  o.a.AndroidAnnotationProcessor:123 - Finish processing
15:17:50.775 [Worker-621] INFO  o.a.AndroidAnnotationProcessor:85 - Initialize AndroidAnnotations 3.0.1 with options {phase=BUILD}
15:17:57.198 [Worker-622] INFO  o.a.AndroidAnnotationProcessor:85 - Initialize AndroidAnnotations 3.0.1 with options {phase=BUILD}
15:18:02.474 [Worker-602] INFO  o.a.AndroidAnnotationProcessor:85 - Initialize AndroidAnnotations 3.0.1 with options {phase=BUILD}
15:18:02.503 [Worker-602] INFO  o.a.AndroidAnnotationProcessor:109 - Start processing for 4 annotations on 1 elements
15:18:02.545 [Worker-602] DEBUG o.a.h.AndroidManifestFinder:137 - AndroidManifest.xml file found in parent folder E:\workspace\tab_faragment_shardSdk_demo: E:\workspace\tab_faragment_shardSdk_demo\AndroidManifest.xml
15:18:02.547 [Worker-602] WARN  o.a.h.AndroidManifestFinder:252 - A class activity declared in the AndroidManifest.xml cannot be found in the compile path: [.ui.LoginActivity_]
15:18:02.548 [Worker-602] WARN  o.a.h.AndroidManifestFinder:252 - A class activity declared in the AndroidManifest.xml cannot be found in the compile path: [cn.sharesdk.framework.ShareSDKUIShell]
15:18:02.548 [Worker-602] WARN  o.a.h.AndroidManifestFinder:252 - A class activity declared in the AndroidManifest.xml cannot be found in the compile path: [.wxapi.WXEntryActivity]
15:18:02.549 [Worker-602] INFO  o.a.AndroidAnnotationProcessor:172 - AndroidManifest.xml found: AndroidManifest [applicationPackage=com.jayqqaa12.news, componentQualifiedNames=[com.jayqqaa12.news.ui.MainActivity_], permissionQualifiedNames=[android.permission.ACCESS_FINE_LOCATION, android.permission.MOUNT_UNMOUNT_FILESYSTEMS, android.permission.ACCESS_NETWORK_STATE, android.permission.KILL_BACKGROUND_PROCESSES, android.permission.RESTART_PACKAGES, android.permission.RECEIVE_BOOT_COMPLETED, android.permission.ACCESS_COARSE_LOCATION, android.permission.GET_TASKS, android.permission.INTERNET, android.permission.ACCESS_WIFI_STATE, android.permission.ACCESS_NETWORK_STATE, android.permission.CHANGE_WIFI_STATE, android.permission.WRITE_EXTERNAL_STORAGE, android.permission.READ_PHONE_STATE, android.permission.MANAGE_ACCOUNTS, android.permission.GET_ACCOUNTS], applicationClassName=com.jayqqaa12.news.App, libraryProject=false, debugabble=false, minSdkVersion=9, maxSdkVersion=-1, targetSdkVersion=17]
15:18:02.549 [Worker-602] INFO  o.a.r.ProjectRClassFinder:50 - Found project R class: com.jayqqaa12.news.R
15:18:02.550 [Worker-602] INFO  o.a.r.AndroidRClassFinder:44 - Found Android class: android.R
15:18:02.554 [Worker-602] INFO  o.a.p.ModelValidator:42 - Validating elements
15:18:02.554 [Worker-602] DEBUG o.a.p.ModelValidator:62 - Validating with EActivityHandler: [com.jayqqaa12.news.ui.MainActivity]
15:18:02.555 [Worker-602] DEBUG o.a.p.ModelValidator:62 - Validating with ViewByIdHandler: [dl, lv_dl]
15:18:02.556 [Worker-602] DEBUG o.a.p.ModelValidator:62 - Validating with ItemClickHandler: [public void onItemClick(int) ]
15:18:02.557 [Worker-602] DEBUG o.a.p.ModelValidator:62 - Validating with AfterViewsHandler: [public void init() ]
15:18:02.557 [Worker-602] INFO  o.a.p.ModelProcessor:73 - Processing root elements
15:18:02.557 [Worker-602] DEBUG o.a.p.ModelProcessor:80 - Processing root elements EActivityHandler: [com.jayqqaa12.news.ui.MainActivity]
15:18:02.559 [Worker-602] INFO  o.a.p.ModelProcessor:104 - Processing enclosed elements
15:18:02.559 [Worker-602] DEBUG o.a.p.ModelProcessor:116 - Processing enclosed elements with BeanHandler: [org.androidannotations.model.AnnotationElements$AnnotatedAndRootElements@210398f1]
15:18:02.560 [Worker-602] DEBUG o.a.p.ModelProcessor:116 - Processing enclosed elements with AfterInjectHandler: [org.androidannotations.model.AnnotationElements$AnnotatedAndRootElements@32fc78a]
15:18:02.560 [Worker-602] DEBUG o.a.p.ModelProcessor:116 - Processing enclosed elements with AfterViewsHandler: [org.androidannotations.model.AnnotationElements$AnnotatedAndRootElements@35d536a8]
15:18:02.560 [Worker-602] INFO  o.a.AndroidAnnotationProcessor:251 - Number of files generated by AndroidAnnotations: 1
15:18:02.561 [Worker-602] INFO  o.a.g.ApiCodeGenerator:52 - Writting following API classes in project: []
15:18:02.561 [Worker-602] DEBUG o.a.g.SourceCodewriter:55 - Generating class: com.jayqqaa12.news.ui.MainActivity_
15:18:02.563 [Worker-602] INFO  o.a.p.TimeStats:81 - Time measurements: [Whole Processing = 60 ms], [Extract Annotations = 41 ms], [Find R Classes = 5 ms], [Extract Manifest = 4 ms], [Validate Annotations = 3 ms], [Process Annotations = 3 ms], [Generate Sources = 3 ms], 
15:18:02.564 [Worker-602] INFO  o.a.AndroidAnnotationProcessor:123 - Finish processing
15:18:09.562 [Worker-624] INFO  o.a.AndroidAnnotationProcessor:85 - Initialize AndroidAnnotations 3.0.1 with options {phase=BUILD}
15:18:09.564 [Worker-624] INFO  o.a.AndroidAnnotationProcessor:109 - Start processing for 4 annotations on 3 elements
15:18:09.572 [Worker-624] DEBUG o.a.h.AndroidManifestFinder:137 - AndroidManifest.xml file found in parent folder E:\workspace\tab_faragment_shardSdk_demo: E:\workspace\tab_faragment_shardSdk_demo\AndroidManifest.xml
15:18:09.574 [Worker-624] WARN  o.a.h.AndroidManifestFinder:252 - A class activity declared in the AndroidManifest.xml cannot be found in the compile path: [.ui.LoginActivity_]
15:18:09.574 [Worker-624] WARN  o.a.h.AndroidManifestFinder:252 - A class activity declared in the AndroidManifest.xml cannot be found in the compile path: [cn.sharesdk.framework.ShareSDKUIShell]
15:18:09.574 [Worker-624] WARN  o.a.h.AndroidManifestFinder:252 - A class activity declared in the AndroidManifest.xml cannot be found in the compile path: [.wxapi.WXEntryActivity]
15:18:09.575 [Worker-624] INFO  o.a.AndroidAnnotationProcessor:172 - AndroidManifest.xml found: AndroidManifest [applicationPackage=com.jayqqaa12.news, componentQualifiedNames=[com.jayqqaa12.news.ui.MainActivity_], permissionQualifiedNames=[android.permission.ACCESS_FINE_LOCATION, android.permission.MOUNT_UNMOUNT_FILESYSTEMS, android.permission.ACCESS_NETWORK_STATE, android.permission.KILL_BACKGROUND_PROCESSES, android.permission.RESTART_PACKAGES, android.permission.RECEIVE_BOOT_COMPLETED, android.permission.ACCESS_COARSE_LOCATION, android.permission.GET_TASKS, android.permission.INTERNET, android.permission.ACCESS_WIFI_STATE, android.permission.ACCESS_NETWORK_STATE, android.permission.CHANGE_WIFI_STATE, android.permission.WRITE_EXTERNAL_STORAGE, android.permission.READ_PHONE_STATE, android.permission.MANAGE_ACCOUNTS, android.permission.GET_ACCOUNTS], applicationClassName=com.jayqqaa12.news.App, libraryProject=false, debugabble=false, minSdkVersion=9, maxSdkVersion=-1, targetSdkVersion=17]
15:18:09.575 [Worker-624] INFO  o.a.r.ProjectRClassFinder:50 - Found project R class: com.jayqqaa12.news.R
15:18:09.576 [Worker-624] INFO  o.a.r.AndroidRClassFinder:44 - Found Android class: android.R
15:18:09.580 [Worker-624] INFO  o.a.p.ModelValidator:42 - Validating elements
15:18:09.580 [Worker-624] DEBUG o.a.p.ModelValidator:62 - Validating with EActivityHandler: [com.jayqqaa12.news.ui.MainActivity]
15:18:09.581 [Worker-624] DEBUG o.a.p.ModelValidator:62 - Validating with ViewByIdHandler: [lv_dl, dl]
15:18:09.583 [Worker-624] DEBUG o.a.p.ModelValidator:62 - Validating with ItemClickHandler: [public void onItemClick(int) ]
15:18:09.584 [Worker-624] DEBUG o.a.p.ModelValidator:62 - Validating with AfterViewsHandler: [public void init() ]
15:18:09.584 [Worker-624] INFO  o.a.p.ModelProcessor:73 - Processing root elements
15:18:09.585 [Worker-624] DEBUG o.a.p.ModelProcessor:80 - Processing root elements EActivityHandler: [com.jayqqaa12.news.ui.MainActivity]
15:18:09.586 [Worker-624] INFO  o.a.p.ModelProcessor:104 - Processing enclosed elements
15:18:09.587 [Worker-624] DEBUG o.a.p.ModelProcessor:116 - Processing enclosed elements with BeanHandler: [org.androidannotations.model.AnnotationElements$AnnotatedAndRootElements@236720f7]
15:18:09.587 [Worker-624] DEBUG o.a.p.ModelProcessor:116 - Processing enclosed elements with AfterInjectHandler: [org.androidannotations.model.AnnotationElements$AnnotatedAndRootElements@63aecdaf]
15:18:09.587 [Worker-624] DEBUG o.a.p.ModelProcessor:116 - Processing enclosed elements with AfterViewsHandler: [org.androidannotations.model.AnnotationElements$AnnotatedAndRootElements@6941cf49]
15:18:09.588 [Worker-624] INFO  o.a.AndroidAnnotationProcessor:251 - Number of files generated by AndroidAnnotations: 1
15:18:09.588 [Worker-624] INFO  o.a.g.ApiCodeGenerator:52 - Writting following API classes in project: []
15:18:09.589 [Worker-624] DEBUG o.a.g.SourceCodewriter:55 - Generating class: com.jayqqaa12.news.ui.MainActivity_
15:18:09.601 [Worker-624] INFO  o.a.p.TimeStats:81 - Time measurements: [Whole Processing = 37 ms], [Generate Sources = 13 ms], [Extract Annotations = 8 ms], [Find R Classes = 4 ms], [Validate Annotations = 4 ms], [Process Annotations = 4 ms], [Extract Manifest = 3 ms], 
15:18:09.602 [Worker-624] INFO  o.a.AndroidAnnotationProcessor:123 - Finish processing
15:18:15.26 [Worker-623] INFO  o.a.AndroidAnnotationProcessor:85 - Initialize AndroidAnnotations 3.0.1 with options {phase=BUILD}
15:18:15.27 [Worker-623] INFO  o.a.AndroidAnnotationProcessor:109 - Start processing for 3 annotations on 3 elements
15:18:15.35 [Worker-623] DEBUG o.a.h.AndroidManifestFinder:137 - AndroidManifest.xml file found in parent folder E:\workspace\tab_faragment_shardSdk_demo: E:\workspace\tab_faragment_shardSdk_demo\AndroidManifest.xml
15:18:15.37 [Worker-623] WARN  o.a.h.AndroidManifestFinder:252 - A class activity declared in the AndroidManifest.xml cannot be found in the compile path: [.ui.LoginActivity_]
15:18:15.38 [Worker-623] WARN  o.a.h.AndroidManifestFinder:252 - A class activity declared in the AndroidManifest.xml cannot be found in the compile path: [cn.sharesdk.framework.ShareSDKUIShell]
15:18:15.39 [Worker-623] WARN  o.a.h.AndroidManifestFinder:252 - A class activity declared in the AndroidManifest.xml cannot be found in the compile path: [.wxapi.WXEntryActivity]
15:18:15.39 [Worker-623] INFO  o.a.AndroidAnnotationProcessor:172 - AndroidManifest.xml found: AndroidManifest [applicationPackage=com.jayqqaa12.news, componentQualifiedNames=[com.jayqqaa12.news.ui.MainActivity_], permissionQualifiedNames=[android.permission.ACCESS_FINE_LOCATION, android.permission.MOUNT_UNMOUNT_FILESYSTEMS, android.permission.ACCESS_NETWORK_STATE, android.permission.KILL_BACKGROUND_PROCESSES, android.permission.RESTART_PACKAGES, android.permission.RECEIVE_BOOT_COMPLETED, android.permission.ACCESS_COARSE_LOCATION, android.permission.GET_TASKS, android.permission.INTERNET, android.permission.ACCESS_WIFI_STATE, android.permission.ACCESS_NETWORK_STATE, android.permission.CHANGE_WIFI_STATE, android.permission.WRITE_EXTERNAL_STORAGE, android.permission.READ_PHONE_STATE, android.permission.MANAGE_ACCOUNTS, android.permission.GET_ACCOUNTS], applicationClassName=com.jayqqaa12.news.App, libraryProject=false, debugabble=false, minSdkVersion=9, maxSdkVersion=-1, targetSdkVersion=17]
15:18:15.39 [Worker-623] INFO  o.a.r.ProjectRClassFinder:50 - Found project R class: com.jayqqaa12.news.R
15:18:15.40 [Worker-623] INFO  o.a.r.AndroidRClassFinder:44 - Found Android class: android.R
15:18:15.44 [Worker-623] INFO  o.a.p.ModelValidator:42 - Validating elements
15:18:15.44 [Worker-623] DEBUG o.a.p.ModelValidator:62 - Validating with EActivityHandler: [com.jayqqaa12.news.ui.MainActivity]
15:18:15.45 [Worker-623] DEBUG o.a.p.ModelValidator:62 - Validating with ViewByIdHandler: [lv_dl, dl]
15:18:15.47 [Worker-623] DEBUG o.a.p.ModelValidator:62 - Validating with AfterViewsHandler: [public void init() ]
15:18:15.47 [Worker-623] INFO  o.a.p.ModelProcessor:73 - Processing root elements
15:18:15.48 [Worker-623] DEBUG o.a.p.ModelProcessor:80 - Processing root elements EActivityHandler: [com.jayqqaa12.news.ui.MainActivity]
15:18:15.49 [Worker-623] INFO  o.a.p.ModelProcessor:104 - Processing enclosed elements
15:18:15.49 [Worker-623] DEBUG o.a.p.ModelProcessor:116 - Processing enclosed elements with BeanHandler: [org.androidannotations.model.AnnotationElements$AnnotatedAndRootElements@3761fd75]
15:18:15.50 [Worker-623] DEBUG o.a.p.ModelProcessor:116 - Processing enclosed elements with AfterInjectHandler: [org.androidannotations.model.AnnotationElements$AnnotatedAndRootElements@486667b0]
15:18:15.50 [Worker-623] DEBUG o.a.p.ModelProcessor:116 - Processing enclosed elements with AfterViewsHandler: [org.androidannotations.model.AnnotationElements$AnnotatedAndRootElements@3b2178f2]
15:18:15.51 [Worker-623] INFO  o.a.AndroidAnnotationProcessor:251 - Number of files generated by AndroidAnnotations: 1
15:18:15.51 [Worker-623] INFO  o.a.g.ApiCodeGenerator:52 - Writting following API classes in project: []
15:18:15.52 [Worker-623] DEBUG o.a.g.SourceCodewriter:55 - Generating class: com.jayqqaa12.news.ui.MainActivity_
15:18:15.66 [Worker-623] INFO  o.a.p.TimeStats:81 - Time measurements: [Whole Processing = 39 ms], [Generate Sources = 15 ms], [Extract Annotations = 7 ms], [Find R Classes = 5 ms], [Extract Manifest = 4 ms], [Process Annotations = 4 ms], [Validate Annotations = 3 ms], 
15:18:15.67 [Worker-623] INFO  o.a.AndroidAnnotationProcessor:123 - Finish processing
15:18:19.171 [Worker-602] INFO  o.a.AndroidAnnotationProcessor:85 - Initialize AndroidAnnotations 3.0.1 with options {phase=BUILD}
15:18:19.173 [Worker-602] INFO  o.a.AndroidAnnotationProcessor:109 - Start processing for 3 annotations on 1 elements
15:18:19.183 [Worker-602] DEBUG o.a.h.AndroidManifestFinder:137 - AndroidManifest.xml file found in parent folder E:\workspace\tab_faragment_shardSdk_demo: E:\workspace\tab_faragment_shardSdk_demo\AndroidManifest.xml
15:18:19.185 [Worker-602] WARN  o.a.h.AndroidManifestFinder:252 - A class activity declared in the AndroidManifest.xml cannot be found in the compile path: [.ui.LoginActivity_]
15:18:19.186 [Worker-602] WARN  o.a.h.AndroidManifestFinder:252 - A class activity declared in the AndroidManifest.xml cannot be found in the compile path: [cn.sharesdk.framework.ShareSDKUIShell]
15:18:19.186 [Worker-602] WARN  o.a.h.AndroidManifestFinder:252 - A class activity declared in the AndroidManifest.xml cannot be found in the compile path: [.wxapi.WXEntryActivity]
15:18:19.186 [Worker-602] INFO  o.a.AndroidAnnotationProcessor:172 - AndroidManifest.xml found: AndroidManifest [applicationPackage=com.jayqqaa12.news, componentQualifiedNames=[com.jayqqaa12.news.ui.MainActivity_], permissionQualifiedNames=[android.permission.ACCESS_FINE_LOCATION, android.permission.MOUNT_UNMOUNT_FILESYSTEMS, android.permission.ACCESS_NETWORK_STATE, android.permission.KILL_BACKGROUND_PROCESSES, android.permission.RESTART_PACKAGES, android.permission.RECEIVE_BOOT_COMPLETED, android.permission.ACCESS_COARSE_LOCATION, android.permission.GET_TASKS, android.permission.INTERNET, android.permission.ACCESS_WIFI_STATE, android.permission.ACCESS_NETWORK_STATE, android.permission.CHANGE_WIFI_STATE, android.permission.WRITE_EXTERNAL_STORAGE, android.permission.READ_PHONE_STATE, android.permission.MANAGE_ACCOUNTS, android.permission.GET_ACCOUNTS], applicationClassName=com.jayqqaa12.news.App, libraryProject=false, debugabble=false, minSdkVersion=9, maxSdkVersion=-1, targetSdkVersion=17]
15:18:19.187 [Worker-602] INFO  o.a.r.ProjectRClassFinder:50 - Found project R class: com.jayqqaa12.news.R
15:18:19.188 [Worker-602] INFO  o.a.r.AndroidRClassFinder:44 - Found Android class: android.R
15:18:19.191 [Worker-602] INFO  o.a.p.ModelValidator:42 - Validating elements
15:18:19.192 [Worker-602] DEBUG o.a.p.ModelValidator:62 - Validating with EActivityHandler: [com.jayqqaa12.news.ui.MainActivity]
15:18:19.192 [Worker-602] DEBUG o.a.p.ModelValidator:62 - Validating with ViewByIdHandler: [lv_dl, dl]
15:18:19.194 [Worker-602] DEBUG o.a.p.ModelValidator:62 - Validating with AfterViewsHandler: [public void init() ]
15:18:19.194 [Worker-602] INFO  o.a.p.ModelProcessor:73 - Processing root elements
15:18:19.195 [Worker-602] DEBUG o.a.p.ModelProcessor:80 - Processing root elements EActivityHandler: [com.jayqqaa12.news.ui.MainActivity]
15:18:19.196 [Worker-602] INFO  o.a.p.ModelProcessor:104 - Processing enclosed elements
15:18:19.196 [Worker-602] DEBUG o.a.p.ModelProcessor:116 - Processing enclosed elements with BeanHandler: [org.androidannotations.model.AnnotationElements$AnnotatedAndRootElements@18149147]
15:18:19.197 [Worker-602] DEBUG o.a.p.ModelProcessor:116 - Processing enclosed elements with AfterInjectHandler: [org.androidannotations.model.AnnotationElements$AnnotatedAndRootElements@530e379c]
15:18:19.197 [Worker-602] DEBUG o.a.p.ModelProcessor:116 - Processing enclosed elements with AfterViewsHandler: [org.androidannotations.model.AnnotationElements$AnnotatedAndRootElements@4a650d5d]
15:18:19.198 [Worker-602] INFO  o.a.AndroidAnnotationProcessor:251 - Number of files generated by AndroidAnnotations: 1
15:18:19.198 [Worker-602] INFO  o.a.g.ApiCodeGenerator:52 - Writting following API classes in project: []
15:18:19.198 [Worker-602] DEBUG o.a.g.SourceCodewriter:55 - Generating class: com.jayqqaa12.news.ui.MainActivity_
15:18:19.200 [Worker-602] INFO  o.a.p.TimeStats:81 - Time measurements: [Whole Processing = 27 ms], [Extract Annotations = 10 ms], [Find R Classes = 4 ms], [Process Annotations = 4 ms], [Extract Manifest = 3 ms], [Validate Annotations = 3 ms], [Generate Sources = 2 ms], 
15:18:19.201 [Worker-602] INFO  o.a.AndroidAnnotationProcessor:123 - Finish processing
