11:11:23.795 [Worker-58] INFO  o.a.AndroidAnnotationProcessor:85 - Initialize AndroidAnnotations 3.0.1 with options {phase=BUILD}
11:11:23.797 [Worker-58] INFO  o.a.AndroidAnnotationProcessor:109 - Start processing for 7 annotations on 194 elements
11:11:23.824 [Worker-58] DEBUG o.a.h.AndroidManifestFinder:137 - AndroidManifest.xml file found in parent folder E:\workspace\abase: E:\workspace\abase\AndroidManifest.xml
11:11:23.825 [Worker-58] DEBUG o.a.h.AndroidManifestFinder:74 - Found android.library=true property in project.properties
11:11:23.827 [Worker-58] INFO  o.a.AndroidAnnotationProcessor:172 - AndroidManifest.xml found: AndroidManifest [applicationPackage=com.jayqqaa12.abase, componentQualifiedNames=[], permissionQualifiedNames=[], applicationClassName=, libraryProject=true, debugabble=false, minSdkVersion=8, maxSdkVersion=-1, targetSdkVersion=17]
11:11:23.828 [Worker-58] INFO  o.a.r.ProjectRClassFinder:50 - Found project R class: com.jayqqaa12.abase.R
11:11:23.828 [Worker-58] INFO  o.a.r.AndroidRClassFinder:44 - Found Android class: android.R
11:11:23.832 [Worker-58] INFO  o.a.p.ModelValidator:42 - Validating elements
11:11:23.833 [Worker-58] DEBUG o.a.p.ModelValidator:62 - Validating with EActivityHandler: [com.jayqqaa12.abase.core.fragment.AFragmentActivity, com.jayqqaa12.abase.core.activity.AActivity]
11:11:23.834 [Worker-58] DEBUG o.a.p.ModelValidator:62 - Validating with EFragmentHandler: [com.jayqqaa12.abase.core.fragment.AFragment]
11:11:23.834 [Worker-58] DEBUG o.a.p.ModelValidator:62 - Validating with EBeanHandler: [com.jayqqaa12.abase.core.ADao, com.jayqqaa12.abase.core.Abus, com.jayqqaa12.abase.core.AHttp, com.jayqqaa12.abase.core.ABitmap]
11:11:23.835 [Worker-58] DEBUG o.a.p.ModelValidator:62 - Validating with EViewGroupHandler: [com.jayqqaa12.abase.core.ItemView, com.jayqqaa12.abase.core.BindView]
11:11:23.836 [Worker-58] DEBUG o.a.p.ModelValidator:62 - Validating with BeanHandler: [bus, bus, bus, bus]
11:11:23.836 [Worker-58] DEBUG o.a.p.ModelValidator:62 - Validating with AfterInjectHandler: [protected void afterInject() , protected void afterInject() , protected void afterInject() ]
11:11:23.837 [Worker-58] DEBUG o.a.p.ModelValidator:62 - Validating with AfterViewsHandler: [protected void afterView() , protected void afterView() , protected void afterView() ]
11:11:23.837 [Worker-58] INFO  o.a.p.ModelProcessor:73 - Processing root elements
11:11:23.838 [Worker-58] DEBUG o.a.p.ModelProcessor:80 - Processing root elements EActivityHandler: [com.jayqqaa12.abase.core.fragment.AFragmentActivity, com.jayqqaa12.abase.core.activity.AActivity]
11:11:23.839 [Worker-58] DEBUG o.a.p.ModelProcessor:80 - Processing root elements EFragmentHandler: [com.jayqqaa12.abase.core.fragment.AFragment]
11:11:23.840 [Worker-58] DEBUG o.a.p.ModelProcessor:80 - Processing root elements EBeanHandler: [com.jayqqaa12.abase.core.ADao, com.jayqqaa12.abase.core.Abus, com.jayqqaa12.abase.core.AHttp, com.jayqqaa12.abase.core.ABitmap]
11:11:23.841 [Worker-58] DEBUG o.a.p.ModelProcessor:80 - Processing root elements EViewGroupHandler: [com.jayqqaa12.abase.core.BindView, com.jayqqaa12.abase.core.ItemView]
11:11:23.842 [Worker-58] INFO  o.a.p.ModelProcessor:104 - Processing enclosed elements
11:11:23.842 [Worker-58] INFO  o.a.AndroidAnnotationProcessor:251 - Number of files generated by AndroidAnnotations: 9
11:11:23.843 [Worker-58] INFO  o.a.g.ApiCodeGenerator:52 - Writting following API classes in project: []
11:11:23.843 [Worker-58] DEBUG o.a.g.SourceCodewriter:55 - Generating class: com.jayqqaa12.abase.core.activity.AActivity_
11:11:23.850 [Worker-58] DEBUG o.a.g.SourceCodewriter:55 - Generating class: com.jayqqaa12.abase.core.fragment.AFragmentActivity_
11:11:23.855 [Worker-58] DEBUG o.a.g.SourceCodewriter:55 - Generating class: com.jayqqaa12.abase.core.fragment.AFragment_
11:11:23.860 [Worker-58] DEBUG o.a.g.SourceCodewriter:55 - Generating class: com.jayqqaa12.abase.core.ABitmap_
11:11:23.862 [Worker-58] DEBUG o.a.g.SourceCodewriter:55 - Generating class: com.jayqqaa12.abase.core.ADao_
11:11:23.863 [Worker-58] DEBUG o.a.g.SourceCodewriter:55 - Generating class: com.jayqqaa12.abase.core.AHttp_
11:11:23.865 [Worker-58] DEBUG o.a.g.SourceCodewriter:55 - Generating class: com.jayqqaa12.abase.core.Abus_
11:11:23.867 [Worker-58] DEBUG o.a.g.SourceCodewriter:55 - Generating class: com.jayqqaa12.abase.core.BindView_
11:11:23.869 [Worker-58] DEBUG o.a.g.SourceCodewriter:55 - Generating class: com.jayqqaa12.abase.core.ItemView_
11:11:23.871 [Worker-58] INFO  o.a.p.TimeStats:81 - Time measurements: [Whole Processing = 74 ms], [Generate Sources = 29 ms], [Extract Annotations = 27 ms], [Validate Annotations = 5 ms], [Process Annotations = 5 ms], [Find R Classes = 4 ms], [Extract Manifest = 3 ms], 
11:11:23.872 [Worker-58] INFO  o.a.AndroidAnnotationProcessor:123 - Finish processing
11:11:25.197 [Worker-56] INFO  o.a.AndroidAnnotationProcessor:85 - Initialize AndroidAnnotations 3.0.1 with options {phase=BUILD}
13:55:26.229 [Worker-4] INFO  o.a.AndroidAnnotationProcessor:85 - Initialize AndroidAnnotations 3.0.1 with options {phase=BUILD}
17:07:30.373 [Worker-0] INFO  o.a.AndroidAnnotationProcessor:85 - Initialize AndroidAnnotations 3.0.1 with options {phase=BUILD}
09:04:16.83 [Worker-0] INFO  o.a.AndroidAnnotationProcessor:85 - Initialize AndroidAnnotations 3.0.1 with options {phase=BUILD}
09:04:16.149 [Worker-0] INFO  o.a.AndroidAnnotationProcessor:109 - Start processing for 7 annotations on 194 elements
09:04:16.240 [Worker-0] DEBUG o.a.h.AndroidManifestFinder:137 - AndroidManifest.xml file found in parent folder E:\workspace\abase: E:\workspace\abase\AndroidManifest.xml
09:04:16.241 [Worker-0] DEBUG o.a.h.AndroidManifestFinder:74 - Found android.library=true property in project.properties
09:04:16.243 [Worker-0] INFO  o.a.AndroidAnnotationProcessor:172 - AndroidManifest.xml found: AndroidManifest [applicationPackage=com.jayqqaa12.abase, componentQualifiedNames=[], permissionQualifiedNames=[], applicationClassName=, libraryProject=true, debugabble=false, minSdkVersion=8, maxSdkVersion=-1, targetSdkVersion=17]
09:04:16.244 [Worker-0] INFO  o.a.r.ProjectRClassFinder:50 - Found project R class: com.jayqqaa12.abase.R
09:04:16.261 [Worker-0] INFO  o.a.r.AndroidRClassFinder:44 - Found Android class: android.R
09:04:16.324 [Worker-0] INFO  o.a.p.ModelValidator:42 - Validating elements
09:04:16.324 [Worker-0] DEBUG o.a.p.ModelValidator:62 - Validating with EActivityHandler: [com.jayqqaa12.abase.core.fragment.AFragmentActivity, com.jayqqaa12.abase.core.activity.AActivity]
09:04:16.328 [Worker-0] DEBUG o.a.p.ModelValidator:62 - Validating with EFragmentHandler: [com.jayqqaa12.abase.core.fragment.AFragment]
09:04:16.330 [Worker-0] DEBUG o.a.p.ModelValidator:62 - Validating with EBeanHandler: [com.jayqqaa12.abase.core.ADao, com.jayqqaa12.abase.core.Abus, com.jayqqaa12.abase.core.AHttp, com.jayqqaa12.abase.core.ABitmap]
09:04:16.332 [Worker-0] DEBUG o.a.p.ModelValidator:62 - Validating with EViewGroupHandler: [com.jayqqaa12.abase.core.ItemView, com.jayqqaa12.abase.core.BindView]
09:04:16.335 [Worker-0] DEBUG o.a.p.ModelValidator:62 - Validating with BeanHandler: [bus, bus, bus, bus]
09:04:16.336 [Worker-0] DEBUG o.a.p.ModelValidator:62 - Validating with AfterInjectHandler: [protected void afterInject() , protected void afterInject() , protected void afterInject() ]
09:04:16.337 [Worker-0] DEBUG o.a.p.ModelValidator:62 - Validating with AfterViewsHandler: [protected void afterView() , protected void afterView() , protected void afterView() ]
09:04:16.358 [Worker-0] INFO  o.a.p.ModelProcessor:73 - Processing root elements
09:04:16.359 [Worker-0] DEBUG o.a.p.ModelProcessor:80 - Processing root elements EActivityHandler: [com.jayqqaa12.abase.core.fragment.AFragmentActivity, com.jayqqaa12.abase.core.activity.AActivity]
09:04:16.429 [Worker-0] DEBUG o.a.p.ModelProcessor:80 - Processing root elements EFragmentHandler: [com.jayqqaa12.abase.core.fragment.AFragment]
09:04:16.432 [Worker-0] DEBUG o.a.p.ModelProcessor:80 - Processing root elements EBeanHandler: [com.jayqqaa12.abase.core.ADao, com.jayqqaa12.abase.core.Abus, com.jayqqaa12.abase.core.AHttp, com.jayqqaa12.abase.core.ABitmap]
09:04:16.435 [Worker-0] DEBUG o.a.p.ModelProcessor:80 - Processing root elements EViewGroupHandler: [com.jayqqaa12.abase.core.BindView, com.jayqqaa12.abase.core.ItemView]
09:04:16.439 [Worker-0] INFO  o.a.p.ModelProcessor:104 - Processing enclosed elements
09:04:16.441 [Worker-0] INFO  o.a.AndroidAnnotationProcessor:251 - Number of files generated by AndroidAnnotations: 9
09:04:16.443 [Worker-0] INFO  o.a.g.ApiCodeGenerator:52 - Writting following API classes in project: []
09:04:16.460 [Worker-0] DEBUG o.a.g.SourceCodewriter:55 - Generating class: com.jayqqaa12.abase.core.activity.AActivity_
09:04:16.477 [Worker-0] DEBUG o.a.g.SourceCodewriter:55 - Generating class: com.jayqqaa12.abase.core.fragment.AFragmentActivity_
09:04:16.487 [Worker-0] DEBUG o.a.g.SourceCodewriter:55 - Generating class: com.jayqqaa12.abase.core.fragment.AFragment_
09:04:16.492 [Worker-0] DEBUG o.a.g.SourceCodewriter:55 - Generating class: com.jayqqaa12.abase.core.ABitmap_
09:04:16.495 [Worker-0] DEBUG o.a.g.SourceCodewriter:55 - Generating class: com.jayqqaa12.abase.core.ADao_
09:04:16.497 [Worker-0] DEBUG o.a.g.SourceCodewriter:55 - Generating class: com.jayqqaa12.abase.core.AHttp_
09:04:16.499 [Worker-0] DEBUG o.a.g.SourceCodewriter:55 - Generating class: com.jayqqaa12.abase.core.Abus_
09:04:16.501 [Worker-0] DEBUG o.a.g.SourceCodewriter:55 - Generating class: com.jayqqaa12.abase.core.BindView_
09:04:16.504 [Worker-0] DEBUG o.a.g.SourceCodewriter:55 - Generating class: com.jayqqaa12.abase.core.ItemView_
09:04:16.507 [Worker-0] INFO  o.a.p.TimeStats:81 - Time measurements: [Whole Processing = 359 ms], [Process Annotations = 103 ms], [Extract Annotations = 68 ms], [Generate Sources = 66 ms], [Find R Classes = 49 ms], [Extract Manifest = 26 ms], [Validate Annotations = 15 ms], 
09:04:16.507 [Worker-0] INFO  o.a.AndroidAnnotationProcessor:123 - Finish processing
09:05:09.70 [Worker-0] INFO  o.a.AndroidAnnotationProcessor:85 - Initialize AndroidAnnotations 3.0.1 with options {phase=BUILD}
10:33:08.691 [Worker-8] INFO  o.a.AndroidAnnotationProcessor:85 - Initialize AndroidAnnotations 3.0.1 with options {phase=BUILD}
14:02:59.53 [Worker-140] INFO  o.a.AndroidAnnotationProcessor:85 - Initialize AndroidAnnotations 3.0.1 with options {phase=BUILD}
14:03:00.238 [Worker-143] INFO  o.a.AndroidAnnotationProcessor:85 - Initialize AndroidAnnotations 3.0.1 with options {phase=BUILD}
14:03:09.6 [Worker-134] INFO  o.a.AndroidAnnotationProcessor:85 - Initialize AndroidAnnotations 3.0.1 with options {phase=BUILD}
14:03:13.815 [Worker-147] INFO  o.a.AndroidAnnotationProcessor:85 - Initialize AndroidAnnotations 3.0.1 with options {phase=BUILD}
09:16:01.150 [Worker-1] INFO  o.a.AndroidAnnotationProcessor:85 - Initialize AndroidAnnotations 3.0.1 with options {phase=BUILD}
09:16:01.232 [Worker-1] INFO  o.a.AndroidAnnotationProcessor:109 - Start processing for 7 annotations on 194 elements
09:16:01.576 [Worker-1] DEBUG o.a.h.AndroidManifestFinder:137 - AndroidManifest.xml file found in parent folder E:\workspace\abase: E:\workspace\abase\AndroidManifest.xml
09:16:01.577 [Worker-1] DEBUG o.a.h.AndroidManifestFinder:74 - Found android.library=true property in project.properties
09:16:01.579 [Worker-1] INFO  o.a.AndroidAnnotationProcessor:172 - AndroidManifest.xml found: AndroidManifest [applicationPackage=com.jayqqaa12.abase, componentQualifiedNames=[], permissionQualifiedNames=[], applicationClassName=, libraryProject=true, debugabble=false, minSdkVersion=8, maxSdkVersion=-1, targetSdkVersion=17]
09:16:01.580 [Worker-1] INFO  o.a.r.ProjectRClassFinder:50 - Found project R class: com.jayqqaa12.abase.R
09:16:01.598 [Worker-1] INFO  o.a.r.AndroidRClassFinder:44 - Found Android class: android.R
09:16:01.712 [Worker-1] INFO  o.a.p.ModelValidator:42 - Validating elements
09:16:01.713 [Worker-1] DEBUG o.a.p.ModelValidator:62 - Validating with EActivityHandler: [com.jayqqaa12.abase.core.fragment.AFragmentActivity, com.jayqqaa12.abase.core.activity.AActivity]
09:16:01.717 [Worker-1] DEBUG o.a.p.ModelValidator:62 - Validating with EFragmentHandler: [com.jayqqaa12.abase.core.fragment.AFragment]
09:16:01.719 [Worker-1] DEBUG o.a.p.ModelValidator:62 - Validating with EBeanHandler: [com.jayqqaa12.abase.core.ADao, com.jayqqaa12.abase.core.Abus, com.jayqqaa12.abase.core.AHttp, com.jayqqaa12.abase.core.ABitmap]
09:16:01.723 [Worker-1] DEBUG o.a.p.ModelValidator:62 - Validating with EViewGroupHandler: [com.jayqqaa12.abase.core.ItemView, com.jayqqaa12.abase.core.BindView]
09:16:01.725 [Worker-1] DEBUG o.a.p.ModelValidator:62 - Validating with BeanHandler: [bus, bus, bus, bus]
09:16:01.726 [Worker-1] DEBUG o.a.p.ModelValidator:62 - Validating with AfterInjectHandler: [protected void afterInject() , protected void afterInject() , protected void afterInject() ]
09:16:01.727 [Worker-1] DEBUG o.a.p.ModelValidator:62 - Validating with AfterViewsHandler: [protected void afterView() , protected void afterView() , protected void afterView() ]
09:16:01.768 [Worker-1] INFO  o.a.p.ModelProcessor:73 - Processing root elements
09:16:01.768 [Worker-1] DEBUG o.a.p.ModelProcessor:80 - Processing root elements EActivityHandler: [com.jayqqaa12.abase.core.fragment.AFragmentActivity, com.jayqqaa12.abase.core.activity.AActivity]
09:16:01.880 [Worker-1] DEBUG o.a.p.ModelProcessor:80 - Processing root elements EFragmentHandler: [com.jayqqaa12.abase.core.fragment.AFragment]
09:16:01.883 [Worker-1] DEBUG o.a.p.ModelProcessor:80 - Processing root elements EBeanHandler: [com.jayqqaa12.abase.core.ADao, com.jayqqaa12.abase.core.Abus, com.jayqqaa12.abase.core.AHttp, com.jayqqaa12.abase.core.ABitmap]
09:16:01.886 [Worker-1] DEBUG o.a.p.ModelProcessor:80 - Processing root elements EViewGroupHandler: [com.jayqqaa12.abase.core.BindView, com.jayqqaa12.abase.core.ItemView]
09:16:01.900 [Worker-1] INFO  o.a.p.ModelProcessor:104 - Processing enclosed elements
09:16:01.902 [Worker-1] INFO  o.a.AndroidAnnotationProcessor:251 - Number of files generated by AndroidAnnotations: 9
09:16:01.905 [Worker-1] INFO  o.a.g.ApiCodeGenerator:52 - Writting following API classes in project: []
09:16:01.932 [Worker-1] DEBUG o.a.g.SourceCodewriter:55 - Generating class: com.jayqqaa12.abase.core.activity.AActivity_
09:16:01.972 [Worker-1] DEBUG o.a.g.SourceCodewriter:55 - Generating class: com.jayqqaa12.abase.core.fragment.AFragmentActivity_
09:16:01.982 [Worker-1] DEBUG o.a.g.SourceCodewriter:55 - Generating class: com.jayqqaa12.abase.core.fragment.AFragment_
09:16:01.989 [Worker-1] DEBUG o.a.g.SourceCodewriter:55 - Generating class: com.jayqqaa12.abase.core.ABitmap_
09:16:01.992 [Worker-1] DEBUG o.a.g.SourceCodewriter:55 - Generating class: com.jayqqaa12.abase.core.ADao_
09:16:01.995 [Worker-1] DEBUG o.a.g.SourceCodewriter:55 - Generating class: com.jayqqaa12.abase.core.AHttp_
09:16:02.0 [Worker-1] DEBUG o.a.g.SourceCodewriter:55 - Generating class: com.jayqqaa12.abase.core.Abus_
09:16:02.3 [Worker-1] DEBUG o.a.g.SourceCodewriter:55 - Generating class: com.jayqqaa12.abase.core.BindView_
09:16:02.6 [Worker-1] DEBUG o.a.g.SourceCodewriter:55 - Generating class: com.jayqqaa12.abase.core.ItemView_
09:16:02.9 [Worker-1] INFO  o.a.p.TimeStats:81 - Time measurements: [Whole Processing = 777 ms], [Extract Annotations = 321 ms], [Process Annotations = 174 ms], [Generate Sources = 107 ms], [Find R Classes = 73 ms], [Extract Manifest = 25 ms], [Validate Annotations = 25 ms], 
09:16:02.10 [Worker-1] INFO  o.a.AndroidAnnotationProcessor:123 - Finish processing
09:17:04.683 [Worker-7] INFO  o.a.AndroidAnnotationProcessor:85 - Initialize AndroidAnnotations 3.0.1 with options {phase=BUILD}
09:49:57.597 [Worker-23] INFO  o.a.AndroidAnnotationProcessor:85 - Initialize AndroidAnnotations 3.0.1 with options {phase=BUILD}
09:49:57.598 [Worker-23] INFO  o.a.AndroidAnnotationProcessor:109 - Start processing for 7 annotations on 194 elements
09:49:57.610 [Worker-23] DEBUG o.a.h.AndroidManifestFinder:137 - AndroidManifest.xml file found in parent folder E:\workspace\abase: E:\workspace\abase\AndroidManifest.xml
09:49:57.611 [Worker-23] DEBUG o.a.h.AndroidManifestFinder:74 - Found android.library=true property in project.properties
09:49:57.612 [Worker-23] INFO  o.a.AndroidAnnotationProcessor:172 - AndroidManifest.xml found: AndroidManifest [applicationPackage=com.jayqqaa12.abase, componentQualifiedNames=[], permissionQualifiedNames=[], applicationClassName=, libraryProject=true, debugabble=false, minSdkVersion=8, maxSdkVersion=-1, targetSdkVersion=17]
09:49:57.612 [Worker-23] INFO  o.a.r.ProjectRClassFinder:50 - Found project R class: com.jayqqaa12.abase.R
09:49:57.613 [Worker-23] INFO  o.a.r.AndroidRClassFinder:44 - Found Android class: android.R
09:49:57.617 [Worker-23] INFO  o.a.p.ModelValidator:42 - Validating elements
09:49:57.617 [Worker-23] DEBUG o.a.p.ModelValidator:62 - Validating with EActivityHandler: [com.jayqqaa12.abase.core.fragment.AFragmentActivity, com.jayqqaa12.abase.core.activity.AActivity]
09:49:57.618 [Worker-23] DEBUG o.a.p.ModelValidator:62 - Validating with EFragmentHandler: [com.jayqqaa12.abase.core.fragment.AFragment]
09:49:57.618 [Worker-23] DEBUG o.a.p.ModelValidator:62 - Validating with EBeanHandler: [com.jayqqaa12.abase.core.ADao, com.jayqqaa12.abase.core.Abus, com.jayqqaa12.abase.core.AHttp, com.jayqqaa12.abase.core.ABitmap]
09:49:57.619 [Worker-23] DEBUG o.a.p.ModelValidator:62 - Validating with EViewGroupHandler: [com.jayqqaa12.abase.core.ItemView, com.jayqqaa12.abase.core.BindView]
09:49:57.619 [Worker-23] DEBUG o.a.p.ModelValidator:62 - Validating with BeanHandler: [bus, bus, bus, bus]
09:49:57.620 [Worker-23] DEBUG o.a.p.ModelValidator:62 - Validating with AfterInjectHandler: [protected void afterInject() , protected void afterInject() , protected void afterInject() ]
09:49:57.620 [Worker-23] DEBUG o.a.p.ModelValidator:62 - Validating with AfterViewsHandler: [protected void afterView() , protected void afterView() , protected void afterView() ]
09:49:57.621 [Worker-23] INFO  o.a.p.ModelProcessor:73 - Processing root elements
09:49:57.621 [Worker-23] DEBUG o.a.p.ModelProcessor:80 - Processing root elements EActivityHandler: [com.jayqqaa12.abase.core.fragment.AFragmentActivity, com.jayqqaa12.abase.core.activity.AActivity]
09:49:57.623 [Worker-23] DEBUG o.a.p.ModelProcessor:80 - Processing root elements EFragmentHandler: [com.jayqqaa12.abase.core.fragment.AFragment]
09:49:57.623 [Worker-23] DEBUG o.a.p.ModelProcessor:80 - Processing root elements EBeanHandler: [com.jayqqaa12.abase.core.ADao, com.jayqqaa12.abase.core.Abus, com.jayqqaa12.abase.core.AHttp, com.jayqqaa12.abase.core.ABitmap]
09:49:57.624 [Worker-23] DEBUG o.a.p.ModelProcessor:80 - Processing root elements EViewGroupHandler: [com.jayqqaa12.abase.core.BindView, com.jayqqaa12.abase.core.ItemView]
09:49:57.625 [Worker-23] INFO  o.a.p.ModelProcessor:104 - Processing enclosed elements
09:49:57.625 [Worker-23] INFO  o.a.AndroidAnnotationProcessor:251 - Number of files generated by AndroidAnnotations: 9
09:49:57.625 [Worker-23] INFO  o.a.g.ApiCodeGenerator:52 - Writting following API classes in project: []
09:49:57.626 [Worker-23] DEBUG o.a.g.SourceCodewriter:55 - Generating class: com.jayqqaa12.abase.core.activity.AActivity_
09:49:57.633 [Worker-23] DEBUG o.a.g.SourceCodewriter:55 - Generating class: com.jayqqaa12.abase.core.fragment.AFragmentActivity_
09:49:57.640 [Worker-23] DEBUG o.a.g.SourceCodewriter:55 - Generating class: com.jayqqaa12.abase.core.fragment.AFragment_
09:49:57.644 [Worker-23] DEBUG o.a.g.SourceCodewriter:55 - Generating class: com.jayqqaa12.abase.core.ABitmap_
09:49:57.646 [Worker-23] DEBUG o.a.g.SourceCodewriter:55 - Generating class: com.jayqqaa12.abase.core.ADao_
09:49:57.648 [Worker-23] DEBUG o.a.g.SourceCodewriter:55 - Generating class: com.jayqqaa12.abase.core.AHttp_
09:49:57.653 [Worker-23] DEBUG o.a.g.SourceCodewriter:55 - Generating class: com.jayqqaa12.abase.core.Abus_
09:49:57.655 [Worker-23] DEBUG o.a.g.SourceCodewriter:55 - Generating class: com.jayqqaa12.abase.core.BindView_
09:49:57.657 [Worker-23] DEBUG o.a.g.SourceCodewriter:55 - Generating class: com.jayqqaa12.abase.core.ItemView_
09:49:57.660 [Worker-23] INFO  o.a.p.TimeStats:81 - Time measurements: [Whole Processing = 62 ms], [Generate Sources = 35 ms], [Extract Annotations = 12 ms], [Find R Classes = 5 ms], [Validate Annotations = 4 ms], [Process Annotations = 4 ms], [Extract Manifest = 2 ms], 
09:49:57.660 [Worker-23] INFO  o.a.AndroidAnnotationProcessor:123 - Finish processing
09:50:01.879 [Worker-27] INFO  o.a.AndroidAnnotationProcessor:85 - Initialize AndroidAnnotations 3.0.1 with options {phase=BUILD}
10:29:28.312 [Worker-10] INFO  o.a.AndroidAnnotationProcessor:85 - Initialize AndroidAnnotations 3.0.1 with options {phase=BUILD}
14:03:42.1 [Worker-6] INFO  o.a.AndroidAnnotationProcessor:85 - Initialize AndroidAnnotations 3.0.1 with options {phase=BUILD}
14:45:34.863 [Worker-7] INFO  o.a.AndroidAnnotationProcessor:85 - Initialize AndroidAnnotations 3.0.1 with options {phase=BUILD}
15:33:58.756 [Worker-4] INFO  o.a.AndroidAnnotationProcessor:85 - Initialize AndroidAnnotations 3.0.1 with options {phase=BUILD}
16:07:12.66 [Worker-8] INFO  o.a.AndroidAnnotationProcessor:85 - Initialize AndroidAnnotations 3.0.1 with options {phase=BUILD}
16:18:24.785 [Worker-10] INFO  o.a.AndroidAnnotationProcessor:85 - Initialize AndroidAnnotations 3.0.1 with options {phase=BUILD}
16:41:47.245 [Worker-3] INFO  o.a.AndroidAnnotationProcessor:85 - Initialize AndroidAnnotations 3.0.1 with options {phase=BUILD}
09:14:34.457 [Worker-9] INFO  o.a.AndroidAnnotationProcessor:85 - Initialize AndroidAnnotations 3.0.1 with options {phase=BUILD}
09:14:34.530 [Worker-9] INFO  o.a.AndroidAnnotationProcessor:109 - Start processing for 7 annotations on 194 elements
09:14:34.550 [Worker-9] DEBUG o.a.h.AndroidManifestFinder:137 - AndroidManifest.xml file found in parent folder E:\workspace\abase: E:\workspace\abase\AndroidManifest.xml
09:14:34.550 [Worker-9] DEBUG o.a.h.AndroidManifestFinder:74 - Found android.library=true property in project.properties
09:14:34.553 [Worker-9] INFO  o.a.AndroidAnnotationProcessor:172 - AndroidManifest.xml found: AndroidManifest [applicationPackage=com.jayqqaa12.abase, componentQualifiedNames=[], permissionQualifiedNames=[], applicationClassName=, libraryProject=true, debugabble=false, minSdkVersion=8, maxSdkVersion=-1, targetSdkVersion=17]
09:14:34.553 [Worker-9] INFO  o.a.r.ProjectRClassFinder:50 - Found project R class: com.jayqqaa12.abase.R
09:14:34.557 [Worker-9] INFO  o.a.r.AndroidRClassFinder:44 - Found Android class: android.R
09:14:34.569 [Worker-9] INFO  o.a.p.ModelValidator:42 - Validating elements
09:14:34.570 [Worker-9] DEBUG o.a.p.ModelValidator:62 - Validating with EActivityHandler: [com.jayqqaa12.abase.core.fragment.AFragmentActivity, com.jayqqaa12.abase.core.activity.AActivity]
09:14:34.572 [Worker-9] DEBUG o.a.p.ModelValidator:62 - Validating with EFragmentHandler: [com.jayqqaa12.abase.core.fragment.AFragment]
09:14:34.574 [Worker-9] DEBUG o.a.p.ModelValidator:62 - Validating with EBeanHandler: [com.jayqqaa12.abase.core.ADao, com.jayqqaa12.abase.core.Abus, com.jayqqaa12.abase.core.AHttp, com.jayqqaa12.abase.core.ABitmap]
09:14:34.575 [Worker-9] DEBUG o.a.p.ModelValidator:62 - Validating with EViewGroupHandler: [com.jayqqaa12.abase.core.ItemView, com.jayqqaa12.abase.core.BindView]
09:14:34.577 [Worker-9] DEBUG o.a.p.ModelValidator:62 - Validating with BeanHandler: [bus, bus, bus, bus]
09:14:34.578 [Worker-9] DEBUG o.a.p.ModelValidator:62 - Validating with AfterInjectHandler: [protected void afterInject() , protected void afterInject() , protected void afterInject() ]
09:14:34.578 [Worker-9] DEBUG o.a.p.ModelValidator:62 - Validating with AfterViewsHandler: [protected void afterView() , protected void afterView() , protected void afterView() ]
09:14:34.585 [Worker-9] INFO  o.a.p.ModelProcessor:73 - Processing root elements
09:14:34.586 [Worker-9] DEBUG o.a.p.ModelProcessor:80 - Processing root elements EActivityHandler: [com.jayqqaa12.abase.core.fragment.AFragmentActivity, com.jayqqaa12.abase.core.activity.AActivity]
09:14:34.605 [Worker-9] DEBUG o.a.p.ModelProcessor:80 - Processing root elements EFragmentHandler: [com.jayqqaa12.abase.core.fragment.AFragment]
09:14:34.607 [Worker-9] DEBUG o.a.p.ModelProcessor:80 - Processing root elements EBeanHandler: [com.jayqqaa12.abase.core.ADao, com.jayqqaa12.abase.core.Abus, com.jayqqaa12.abase.core.AHttp, com.jayqqaa12.abase.core.ABitmap]
09:14:34.609 [Worker-9] DEBUG o.a.p.ModelProcessor:80 - Processing root elements EViewGroupHandler: [com.jayqqaa12.abase.core.BindView, com.jayqqaa12.abase.core.ItemView]
09:14:34.613 [Worker-9] INFO  o.a.p.ModelProcessor:104 - Processing enclosed elements
09:14:34.614 [Worker-9] INFO  o.a.AndroidAnnotationProcessor:251 - Number of files generated by AndroidAnnotations: 9
09:14:34.615 [Worker-9] INFO  o.a.g.ApiCodeGenerator:52 - Writting following API classes in project: []
09:14:34.617 [Worker-9] DEBUG o.a.g.SourceCodewriter:55 - Generating class: com.jayqqaa12.abase.core.activity.AActivity_
09:14:34.625 [Worker-9] DEBUG o.a.g.SourceCodewriter:55 - Generating class: com.jayqqaa12.abase.core.fragment.AFragmentActivity_
09:14:34.628 [Worker-9] DEBUG o.a.g.SourceCodewriter:55 - Generating class: com.jayqqaa12.abase.core.fragment.AFragment_
09:14:35.67 [Worker-9] DEBUG o.a.g.SourceCodewriter:55 - Generating class: com.jayqqaa12.abase.core.ABitmap_
09:14:35.69 [Worker-9] DEBUG o.a.g.SourceCodewriter:55 - Generating class: com.jayqqaa12.abase.core.ADao_
09:14:35.70 [Worker-9] DEBUG o.a.g.SourceCodewriter:55 - Generating class: com.jayqqaa12.abase.core.AHttp_
09:14:35.72 [Worker-9] DEBUG o.a.g.SourceCodewriter:55 - Generating class: com.jayqqaa12.abase.core.Abus_
09:14:35.75 [Worker-9] DEBUG o.a.g.SourceCodewriter:55 - Generating class: com.jayqqaa12.abase.core.BindView_
09:14:35.76 [Worker-9] DEBUG o.a.g.SourceCodewriter:55 - Generating class: com.jayqqaa12.abase.core.ItemView_
09:14:35.78 [Worker-9] INFO  o.a.p.TimeStats:81 - Time measurements: [Whole Processing = 548 ms], [Generate Sources = 464 ms], [Process Annotations = 35 ms], [Extract Annotations = 17 ms], [Find R Classes = 10 ms], [Validate Annotations = 10 ms], [Extract Manifest = 4 ms], 
09:14:35.78 [Worker-9] INFO  o.a.AndroidAnnotationProcessor:123 - Finish processing
09:15:10.138 [Worker-10] INFO  o.a.AndroidAnnotationProcessor:85 - Initialize AndroidAnnotations 3.0.1 with options {phase=BUILD}
10:35:08.884 [Worker-1] INFO  o.a.AndroidAnnotationProcessor:85 - Initialize AndroidAnnotations 3.0.1 with options {phase=BUILD}
11:23:09.897 [Worker-4] INFO  o.a.AndroidAnnotationProcessor:85 - Initialize AndroidAnnotations 3.0.1 with options {phase=BUILD}
13:48:13.266 [Worker-9] INFO  o.a.AndroidAnnotationProcessor:85 - Initialize AndroidAnnotations 3.0.1 with options {phase=BUILD}
17:37:02.943 [Worker-106] INFO  o.a.AndroidAnnotationProcessor:85 - Initialize AndroidAnnotations 3.0.1 with options {phase=BUILD}
17:37:20.690 [Worker-136] INFO  o.a.AndroidAnnotationProcessor:85 - Initialize AndroidAnnotations 3.0.1 with options {phase=BUILD}
17:37:46.95 [Worker-120] INFO  o.a.AndroidAnnotationProcessor:85 - Initialize AndroidAnnotations 3.0.1 with options {phase=BUILD}
17:41:07.810 [Worker-140] INFO  o.a.AndroidAnnotationProcessor:85 - Initialize AndroidAnnotations 3.0.1 with options {phase=BUILD}
17:41:07.812 [Worker-140] INFO  o.a.AndroidAnnotationProcessor:109 - Start processing for 7 annotations on 193 elements
17:41:07.845 [Worker-140] DEBUG o.a.h.AndroidManifestFinder:137 - AndroidManifest.xml file found in parent folder E:\workspace\abase: E:\workspace\abase\AndroidManifest.xml
17:41:07.845 [Worker-140] DEBUG o.a.h.AndroidManifestFinder:74 - Found android.library=true property in project.properties
17:41:07.847 [Worker-140] INFO  o.a.AndroidAnnotationProcessor:172 - AndroidManifest.xml found: AndroidManifest [applicationPackage=com.jayqqaa12.abase, componentQualifiedNames=[], permissionQualifiedNames=[], applicationClassName=, libraryProject=true, debugabble=false, minSdkVersion=8, maxSdkVersion=-1, targetSdkVersion=17]
17:41:07.849 [Worker-140] INFO  o.a.r.ProjectRClassFinder:50 - Found project R class: com.jayqqaa12.abase.R
17:41:07.851 [Worker-140] INFO  o.a.r.AndroidRClassFinder:44 - Found Android class: android.R
17:41:07.865 [Worker-140] INFO  o.a.p.ModelValidator:42 - Validating elements
17:41:07.866 [Worker-140] DEBUG o.a.p.ModelValidator:62 - Validating with EActivityHandler: [com.jayqqaa12.abase.core.fragment.AFragmentActivity, com.jayqqaa12.abase.core.activity.AActivity]
17:41:07.870 [Worker-140] DEBUG o.a.p.ModelValidator:62 - Validating with EFragmentHandler: [com.jayqqaa12.abase.core.fragment.AFragment]
17:41:07.871 [Worker-140] DEBUG o.a.p.ModelValidator:62 - Validating with EBeanHandler: [com.jayqqaa12.abase.core.ADao, com.jayqqaa12.abase.core.Abus, com.jayqqaa12.abase.core.AHttp, com.jayqqaa12.abase.core.ABitmap]
17:41:07.873 [Worker-140] DEBUG o.a.p.ModelValidator:62 - Validating with EViewGroupHandler: [com.jayqqaa12.abase.core.ItemView, com.jayqqaa12.abase.core.BindView]
17:41:07.874 [Worker-140] DEBUG o.a.p.ModelValidator:62 - Validating with BeanHandler: [bus, bus, bus, bus]
17:41:07.876 [Worker-140] DEBUG o.a.p.ModelValidator:62 - Validating with AfterInjectHandler: [protected void afterInject() , protected void afterInject() , protected void afterInject() ]
17:41:07.876 [Worker-140] DEBUG o.a.p.ModelValidator:62 - Validating with AfterViewsHandler: [protected void afterView() , protected void afterView() , protected void afterView() ]
17:41:07.885 [Worker-140] INFO  o.a.p.ModelProcessor:73 - Processing root elements
17:41:07.886 [Worker-140] DEBUG o.a.p.ModelProcessor:80 - Processing root elements EActivityHandler: [com.jayqqaa12.abase.core.fragment.AFragmentActivity, com.jayqqaa12.abase.core.activity.AActivity]
17:41:07.910 [Worker-140] DEBUG o.a.p.ModelProcessor:80 - Processing root elements EFragmentHandler: [com.jayqqaa12.abase.core.fragment.AFragment]
17:41:07.913 [Worker-140] DEBUG o.a.p.ModelProcessor:80 - Processing root elements EBeanHandler: [com.jayqqaa12.abase.core.ADao, com.jayqqaa12.abase.core.Abus, com.jayqqaa12.abase.core.AHttp, com.jayqqaa12.abase.core.ABitmap]
17:41:07.916 [Worker-140] DEBUG o.a.p.ModelProcessor:80 - Processing root elements EViewGroupHandler: [com.jayqqaa12.abase.core.BindView, com.jayqqaa12.abase.core.ItemView]
17:41:07.922 [Worker-140] INFO  o.a.p.ModelProcessor:104 - Processing enclosed elements
17:41:07.923 [Worker-140] INFO  o.a.AndroidAnnotationProcessor:251 - Number of files generated by AndroidAnnotations: 9
17:41:07.933 [Worker-140] INFO  o.a.g.ApiCodeGenerator:52 - Writting following API classes in project: []
17:41:07.939 [Worker-140] DEBUG o.a.g.SourceCodewriter:55 - Generating class: com.jayqqaa12.abase.core.activity.AActivity_
17:41:07.948 [Worker-140] DEBUG o.a.g.SourceCodewriter:55 - Generating class: com.jayqqaa12.abase.core.fragment.AFragmentActivity_
17:41:07.951 [Worker-140] DEBUG o.a.g.SourceCodewriter:55 - Generating class: com.jayqqaa12.abase.core.fragment.AFragment_
17:41:07.953 [Worker-140] DEBUG o.a.g.SourceCodewriter:55 - Generating class: com.jayqqaa12.abase.core.ABitmap_
17:41:07.955 [Worker-140] DEBUG o.a.g.SourceCodewriter:55 - Generating class: com.jayqqaa12.abase.core.ADao_
17:41:07.956 [Worker-140] DEBUG o.a.g.SourceCodewriter:55 - Generating class: com.jayqqaa12.abase.core.AHttp_
17:41:07.958 [Worker-140] DEBUG o.a.g.SourceCodewriter:55 - Generating class: com.jayqqaa12.abase.core.Abus_
17:41:07.960 [Worker-140] DEBUG o.a.g.SourceCodewriter:55 - Generating class: com.jayqqaa12.abase.core.BindView_
17:41:07.963 [Worker-140] DEBUG o.a.g.SourceCodewriter:55 - Generating class: com.jayqqaa12.abase.core.ItemView_
17:41:07.965 [Worker-140] INFO  o.a.p.TimeStats:81 - Time measurements: [Whole Processing = 153 ms], [Process Annotations = 46 ms], [Generate Sources = 41 ms], [Extract Manifest = 21 ms], [Extract Annotations = 14 ms], [Validate Annotations = 12 ms], [Find R Classes = 8 ms], 
17:41:07.965 [Worker-140] INFO  o.a.AndroidAnnotationProcessor:123 - Finish processing
17:41:16.16 [Worker-120] INFO  o.a.AndroidAnnotationProcessor:85 - Initialize AndroidAnnotations 3.0.1 with options {phase=BUILD}
09:10:49.298 [Worker-7] INFO  o.a.AndroidAnnotationProcessor:85 - Initialize AndroidAnnotations 3.0.1 with options {phase=BUILD}
09:10:49.361 [Worker-7] INFO  o.a.AndroidAnnotationProcessor:109 - Start processing for 7 annotations on 193 elements
09:10:49.379 [Worker-7] DEBUG o.a.h.AndroidManifestFinder:137 - AndroidManifest.xml file found in parent folder E:\workspace\abase: E:\workspace\abase\AndroidManifest.xml
09:10:49.380 [Worker-7] DEBUG o.a.h.AndroidManifestFinder:74 - Found android.library=true property in project.properties
09:10:49.382 [Worker-7] INFO  o.a.AndroidAnnotationProcessor:172 - AndroidManifest.xml found: AndroidManifest [applicationPackage=com.jayqqaa12.abase, componentQualifiedNames=[], permissionQualifiedNames=[], applicationClassName=, libraryProject=true, debugabble=false, minSdkVersion=8, maxSdkVersion=-1, targetSdkVersion=17]
09:10:49.383 [Worker-7] INFO  o.a.r.ProjectRClassFinder:50 - Found project R class: com.jayqqaa12.abase.R
09:10:49.385 [Worker-7] INFO  o.a.r.AndroidRClassFinder:44 - Found Android class: android.R
09:10:49.398 [Worker-7] INFO  o.a.p.ModelValidator:42 - Validating elements
09:10:49.398 [Worker-7] DEBUG o.a.p.ModelValidator:62 - Validating with EActivityHandler: [com.jayqqaa12.abase.core.fragment.AFragmentActivity, com.jayqqaa12.abase.core.activity.AActivity]
09:10:49.401 [Worker-7] DEBUG o.a.p.ModelValidator:62 - Validating with EFragmentHandler: [com.jayqqaa12.abase.core.fragment.AFragment]
09:10:49.402 [Worker-7] DEBUG o.a.p.ModelValidator:62 - Validating with EBeanHandler: [com.jayqqaa12.abase.core.ADao, com.jayqqaa12.abase.core.Abus, com.jayqqaa12.abase.core.AHttp, com.jayqqaa12.abase.core.ABitmap]
09:10:49.403 [Worker-7] DEBUG o.a.p.ModelValidator:62 - Validating with EViewGroupHandler: [com.jayqqaa12.abase.core.ItemView, com.jayqqaa12.abase.core.BindView]
09:10:49.405 [Worker-7] DEBUG o.a.p.ModelValidator:62 - Validating with BeanHandler: [bus, bus, bus, bus]
09:10:49.406 [Worker-7] DEBUG o.a.p.ModelValidator:62 - Validating with AfterInjectHandler: [protected void afterInject() , protected void afterInject() , protected void afterInject() ]
09:10:49.406 [Worker-7] DEBUG o.a.p.ModelValidator:62 - Validating with AfterViewsHandler: [protected void afterView() , protected void afterView() , protected void afterView() ]
09:10:49.414 [Worker-7] INFO  o.a.p.ModelProcessor:73 - Processing root elements
09:10:49.414 [Worker-7] DEBUG o.a.p.ModelProcessor:80 - Processing root elements EActivityHandler: [com.jayqqaa12.abase.core.fragment.AFragmentActivity, com.jayqqaa12.abase.core.activity.AActivity]
09:10:49.433 [Worker-7] DEBUG o.a.p.ModelProcessor:80 - Processing root elements EFragmentHandler: [com.jayqqaa12.abase.core.fragment.AFragment]
09:10:49.435 [Worker-7] DEBUG o.a.p.ModelProcessor:80 - Processing root elements EBeanHandler: [com.jayqqaa12.abase.core.ADao, com.jayqqaa12.abase.core.Abus, com.jayqqaa12.abase.core.AHttp, com.jayqqaa12.abase.core.ABitmap]
09:10:49.437 [Worker-7] DEBUG o.a.p.ModelProcessor:80 - Processing root elements EViewGroupHandler: [com.jayqqaa12.abase.core.BindView, com.jayqqaa12.abase.core.ItemView]
09:10:49.441 [Worker-7] INFO  o.a.p.ModelProcessor:104 - Processing enclosed elements
09:10:49.442 [Worker-7] INFO  o.a.AndroidAnnotationProcessor:251 - Number of files generated by AndroidAnnotations: 9
09:10:49.444 [Worker-7] INFO  o.a.g.ApiCodeGenerator:52 - Writting following API classes in project: []
09:10:49.445 [Worker-7] DEBUG o.a.g.SourceCodewriter:55 - Generating class: com.jayqqaa12.abase.core.activity.AActivity_
09:10:49.454 [Worker-7] DEBUG o.a.g.SourceCodewriter:55 - Generating class: com.jayqqaa12.abase.core.fragment.AFragmentActivity_
09:10:49.458 [Worker-7] DEBUG o.a.g.SourceCodewriter:55 - Generating class: com.jayqqaa12.abase.core.fragment.AFragment_
09:10:49.460 [Worker-7] DEBUG o.a.g.SourceCodewriter:55 - Generating class: com.jayqqaa12.abase.core.ABitmap_
09:10:49.461 [Worker-7] DEBUG o.a.g.SourceCodewriter:55 - Generating class: com.jayqqaa12.abase.core.ADao_
09:10:49.463 [Worker-7] DEBUG o.a.g.SourceCodewriter:55 - Generating class: com.jayqqaa12.abase.core.AHttp_
09:10:49.476 [Worker-7] DEBUG o.a.g.SourceCodewriter:55 - Generating class: com.jayqqaa12.abase.core.Abus_
09:10:49.478 [Worker-7] DEBUG o.a.g.SourceCodewriter:55 - Generating class: com.jayqqaa12.abase.core.BindView_
09:10:49.480 [Worker-7] DEBUG o.a.g.SourceCodewriter:55 - Generating class: com.jayqqaa12.abase.core.ItemView_
09:10:49.482 [Worker-7] INFO  o.a.p.TimeStats:81 - Time measurements: [Whole Processing = 120 ms], [Generate Sources = 39 ms], [Process Annotations = 35 ms], [Extract Annotations = 17 ms], [Validate Annotations = 10 ms], [Find R Classes = 9 ms], [Extract Manifest = 4 ms], 
09:10:49.482 [Worker-7] INFO  o.a.AndroidAnnotationProcessor:123 - Finish processing
09:10:58.610 [Worker-4] INFO  o.a.AndroidAnnotationProcessor:85 - Initialize AndroidAnnotations 3.0.1 with options {phase=BUILD}
09:37:30.707 [Worker-32] INFO  o.a.AndroidAnnotationProcessor:85 - Initialize AndroidAnnotations 3.0.1 with options {phase=BUILD}
09:37:30.723 [Worker-32] INFO  o.a.AndroidAnnotationProcessor:109 - Start processing for 2 annotations on 1 elements
09:37:30.729 [Worker-32] DEBUG o.a.h.AndroidManifestFinder:137 - AndroidManifest.xml file found in parent folder E:\workspace\abase: E:\workspace\abase\AndroidManifest.xml
09:37:30.730 [Worker-32] DEBUG o.a.h.AndroidManifestFinder:74 - Found android.library=true property in project.properties
09:37:30.731 [Worker-32] INFO  o.a.AndroidAnnotationProcessor:172 - AndroidManifest.xml found: AndroidManifest [applicationPackage=com.jayqqaa12.abase, componentQualifiedNames=[], permissionQualifiedNames=[], applicationClassName=, libraryProject=true, debugabble=false, minSdkVersion=8, maxSdkVersion=-1, targetSdkVersion=17]
09:37:30.731 [Worker-32] INFO  o.a.r.ProjectRClassFinder:50 - Found project R class: com.jayqqaa12.abase.R
09:37:30.732 [Worker-32] INFO  o.a.r.AndroidRClassFinder:44 - Found Android class: android.R
09:37:30.736 [Worker-32] INFO  o.a.p.ModelValidator:42 - Validating elements
09:37:30.737 [Worker-32] DEBUG o.a.p.ModelValidator:62 - Validating with EViewGroupHandler: [com.jayqqaa12.abase.core.ItemView]
09:37:30.737 [Worker-32] DEBUG o.a.p.ModelValidator:62 - Validating with BeanHandler: [bus]
09:37:30.738 [Worker-32] INFO  o.a.p.ModelProcessor:73 - Processing root elements
09:37:30.738 [Worker-32] DEBUG o.a.p.ModelProcessor:80 - Processing root elements EViewGroupHandler: [com.jayqqaa12.abase.core.ItemView]
09:37:30.739 [Worker-32] INFO  o.a.p.ModelProcessor:104 - Processing enclosed elements
09:37:30.739 [Worker-32] INFO  o.a.AndroidAnnotationProcessor:251 - Number of files generated by AndroidAnnotations: 1
09:37:30.739 [Worker-32] INFO  o.a.g.ApiCodeGenerator:52 - Writting following API classes in project: []
09:37:30.740 [Worker-32] DEBUG o.a.g.SourceCodewriter:55 - Generating class: com.jayqqaa12.abase.core.ItemView_
09:37:30.741 [Worker-32] INFO  o.a.p.TimeStats:81 - Time measurements: [Whole Processing = 18 ms], [Extract Annotations = 5 ms], [Find R Classes = 5 ms], [Extract Manifest = 2 ms], [Validate Annotations = 2 ms], [Generate Sources = 2 ms], [Process Annotations = 1 ms], 
09:37:30.741 [Worker-32] INFO  o.a.AndroidAnnotationProcessor:123 - Finish processing
11:26:21.245 [Worker-2] INFO  o.a.AndroidAnnotationProcessor:85 - Initialize AndroidAnnotations 3.0.1 with options {phase=BUILD}
11:34:56.180 [Worker-2] INFO  o.a.AndroidAnnotationProcessor:85 - Initialize AndroidAnnotations 3.0.1 with options {phase=BUILD}
12:06:46.465 [Worker-19] INFO  o.a.AndroidAnnotationProcessor:85 - Initialize AndroidAnnotations 3.0.1 with options {phase=BUILD}
12:07:08.672 [Worker-30] INFO  o.a.AndroidAnnotationProcessor:85 - Initialize AndroidAnnotations 3.0.1 with options {phase=BUILD}
12:07:22.803 [Worker-22] INFO  o.a.AndroidAnnotationProcessor:85 - Initialize AndroidAnnotations 3.0.1 with options {phase=BUILD}
13:44:56.773 [Worker-76] INFO  o.a.AndroidAnnotationProcessor:85 - Initialize AndroidAnnotations 3.0.1 with options {phase=BUILD}
13:45:01.859 [Worker-78] INFO  o.a.AndroidAnnotationProcessor:85 - Initialize AndroidAnnotations 3.0.1 with options {phase=BUILD}
14:17:51.265 [Worker-92] INFO  o.a.AndroidAnnotationProcessor:85 - Initialize AndroidAnnotations 3.0.1 with options {phase=BUILD}
14:18:36.35 [Worker-92] INFO  o.a.AndroidAnnotationProcessor:85 - Initialize AndroidAnnotations 3.0.1 with options {phase=BUILD}
14:18:42.558 [Worker-87] INFO  o.a.AndroidAnnotationProcessor:85 - Initialize AndroidAnnotations 3.0.1 with options {phase=BUILD}
14:19:59.425 [Worker-87] INFO  o.a.AndroidAnnotationProcessor:85 - Initialize AndroidAnnotations 3.0.1 with options {phase=BUILD}
14:20:04.298 [Worker-94] INFO  o.a.AndroidAnnotationProcessor:85 - Initialize AndroidAnnotations 3.0.1 with options {phase=BUILD}
14:22:05.735 [Worker-92] INFO  o.a.AndroidAnnotationProcessor:85 - Initialize AndroidAnnotations 3.0.1 with options {phase=BUILD}
14:49:47.316 [Worker-109] INFO  o.a.AndroidAnnotationProcessor:85 - Initialize AndroidAnnotations 3.0.1 with options {phase=BUILD}
14:50:43.481 [Worker-85] INFO  o.a.AndroidAnnotationProcessor:85 - Initialize AndroidAnnotations 3.0.1 with options {phase=BUILD}
14:51:28.930 [Worker-99] INFO  o.a.AndroidAnnotationProcessor:85 - Initialize AndroidAnnotations 3.0.1 with options {phase=BUILD}
15:01:03.650 [Worker-117] INFO  o.a.AndroidAnnotationProcessor:85 - Initialize AndroidAnnotations 3.0.1 with options {phase=BUILD}
15:01:16.929 [Worker-120] INFO  o.a.AndroidAnnotationProcessor:85 - Initialize AndroidAnnotations 3.0.1 with options {phase=BUILD}
15:02:03.280 [Worker-120] INFO  o.a.AndroidAnnotationProcessor:85 - Initialize AndroidAnnotations 3.0.1 with options {phase=BUILD}
15:02:13.375 [Worker-120] INFO  o.a.AndroidAnnotationProcessor:85 - Initialize AndroidAnnotations 3.0.1 with options {phase=BUILD}
15:03:04.713 [Worker-118] INFO  o.a.AndroidAnnotationProcessor:85 - Initialize AndroidAnnotations 3.0.1 with options {phase=BUILD}
15:03:09.716 [Worker-118] INFO  o.a.AndroidAnnotationProcessor:85 - Initialize AndroidAnnotations 3.0.1 with options {phase=BUILD}
15:04:23.343 [Worker-117] INFO  o.a.AndroidAnnotationProcessor:85 - Initialize AndroidAnnotations 3.0.1 with options {phase=BUILD}
15:04:29.316 [Worker-118] INFO  o.a.AndroidAnnotationProcessor:85 - Initialize AndroidAnnotations 3.0.1 with options {phase=BUILD}
15:04:36.845 [Worker-116] INFO  o.a.AndroidAnnotationProcessor:85 - Initialize AndroidAnnotations 3.0.1 with options {phase=BUILD}
15:04:51.278 [Worker-117] INFO  o.a.AndroidAnnotationProcessor:85 - Initialize AndroidAnnotations 3.0.1 with options {phase=BUILD}
15:05:12.216 [Worker-126] INFO  o.a.AndroidAnnotationProcessor:85 - Initialize AndroidAnnotations 3.0.1 with options {phase=BUILD}
15:05:22.293 [Worker-124] INFO  o.a.AndroidAnnotationProcessor:85 - Initialize AndroidAnnotations 3.0.1 with options {phase=BUILD}
15:05:42.842 [Worker-118] INFO  o.a.AndroidAnnotationProcessor:85 - Initialize AndroidAnnotations 3.0.1 with options {phase=BUILD}
15:07:17.191 [Worker-119] INFO  o.a.AndroidAnnotationProcessor:85 - Initialize AndroidAnnotations 3.0.1 with options {phase=BUILD}
15:07:57.928 [Worker-123] INFO  o.a.AndroidAnnotationProcessor:85 - Initialize AndroidAnnotations 3.0.1 with options {phase=BUILD}
16:07:02.298 [Worker-5] INFO  o.a.AndroidAnnotationProcessor:85 - Initialize AndroidAnnotations 3.0.1 with options {phase=BUILD}
