14:46:23.592 [Worker-172] INFO  o.a.AndroidAnnotationProcessor:86 - Initialize AndroidAnnotationProcessor with options {phase=BUILD}
14:46:23.594 [Worker-172] INFO  o.a.AndroidAnnotationProcessor:117 - Start processing for 2 annotations on 8 elements
14:46:23.604 [Worker-172] DEBUG o.a.h.AndroidManifestFinder:137 - AndroidManifest.xml file found in parent folder E:\workspace\PicPopupWindow: E:\workspace\PicPopupWindow\AndroidManifest.xml
14:46:23.606 [Worker-172] INFO  o.a.AndroidAnnotationProcessor:180 - AndroidManifest.xml found: AndroidManifest [applicationPackage=com.jayqqaa12.pop, componentQualifiedNames=[com.jayqqaa12.pop.MainActivity], permissionQualifiedNames=[], applicationClassName=null, libraryProject=false, debugabble=false, minSdkVersion=8, maxSdkVersion=-1, targetSdkVersion=15]
14:46:23.607 [Worker-172] INFO  o.a.r.ProjectRClassFinder:48 - Found project R class: com.jayqqaa12.pop.R
14:46:23.607 [Worker-172] INFO  o.a.r.AndroidRClassFinder:44 - Found Android class: android.R
14:46:23.610 [Worker-172] INFO  o.a.p.ModelValidator:42 - Validating elements
14:46:23.611 [Worker-172] DEBUG o.a.p.ModelValidator:62 - Validating with EViewGroupHandler: [com.jayqqaa12.pop.MenuItem]
14:46:23.611 [Worker-172] DEBUG o.a.p.ModelValidator:62 - Validating with ViewByIdHandler: [m_tv, m_iv]
14:46:23.612 [Worker-172] INFO  o.a.p.ModelProcessor:73 - Processing root elements
14:46:23.612 [Worker-172] DEBUG o.a.p.ModelProcessor:80 - Processing root elements EViewGroupHandler: [com.jayqqaa12.pop.MenuItem]
14:46:23.613 [Worker-172] INFO  o.a.p.ModelProcessor:104 - Processing enclosed elements
14:46:23.614 [Worker-172] INFO  o.a.AndroidAnnotationProcessor:259 - Number of files generated by AndroidAnnotations: 1
14:46:23.614 [Worker-172] INFO  o.a.g.ApiCodeGenerator:52 - Writting following API classes in project: []
14:46:23.615 [Worker-172] DEBUG o.a.g.SourceCodewriter:55 - Generating class: com.jayqqaa12.pop.MenuItem_
14:46:23.619 [Worker-172] INFO  o.a.p.TimeStats:81 - Time measurements: [Whole Processing = 25 ms], [Extract Annotations = 10 ms], [Generate Sources = 5 ms], [Find R Classes = 4 ms], [Extract Manifest = 2 ms], [Validate Annotations = 2 ms], [Process Annotations = 2 ms], 
14:46:23.619 [Worker-172] INFO  o.a.AndroidAnnotationProcessor:131 - Finish processing
14:46:28.702 [Worker-179] INFO  o.a.AndroidAnnotationProcessor:86 - Initialize AndroidAnnotationProcessor with options {phase=BUILD}
14:47:50.129 [Worker-186] INFO  o.a.AndroidAnnotationProcessor:86 - Initialize AndroidAnnotationProcessor with options {phase=BUILD}
14:47:50.153 [Worker-186] INFO  o.a.AndroidAnnotationProcessor:117 - Start processing for 2 annotations on 5 elements
14:47:50.164 [Worker-186] DEBUG o.a.h.AndroidManifestFinder:137 - AndroidManifest.xml file found in parent folder E:\workspace\PicPopupWindow: E:\workspace\PicPopupWindow\AndroidManifest.xml
14:47:50.166 [Worker-186] INFO  o.a.AndroidAnnotationProcessor:180 - AndroidManifest.xml found: AndroidManifest [applicationPackage=com.jayqqaa12.pop, componentQualifiedNames=[com.jayqqaa12.pop.MainActivity], permissionQualifiedNames=[], applicationClassName=null, libraryProject=false, debugabble=false, minSdkVersion=8, maxSdkVersion=-1, targetSdkVersion=15]
14:47:50.166 [Worker-186] INFO  o.a.r.ProjectRClassFinder:48 - Found project R class: com.jayqqaa12.pop.R
14:47:50.168 [Worker-186] INFO  o.a.r.AndroidRClassFinder:44 - Found Android class: android.R
14:47:50.171 [Worker-186] INFO  o.a.p.ModelValidator:42 - Validating elements
14:47:50.172 [Worker-186] DEBUG o.a.p.ModelValidator:62 - Validating with EViewGroupHandler: [com.jayqqaa12.pop.MenuItem]
14:47:50.172 [Worker-186] DEBUG o.a.p.ModelValidator:62 - Validating with ViewByIdHandler: [m_iv, m_tv]
14:47:50.173 [Worker-186] INFO  o.a.p.ModelProcessor:73 - Processing root elements
14:47:50.173 [Worker-186] DEBUG o.a.p.ModelProcessor:80 - Processing root elements EViewGroupHandler: [com.jayqqaa12.pop.MenuItem]
14:47:50.174 [Worker-186] INFO  o.a.p.ModelProcessor:104 - Processing enclosed elements
14:47:50.174 [Worker-186] DEBUG o.a.p.ModelProcessor:116 - Processing enclosed elements with ViewByIdHandler: [org.androidannotations.model.AnnotationElements$AnnotatedAndRootElements@74474b64, org.androidannotations.model.AnnotationElements$AnnotatedAndRootElements@3314377e]
14:47:50.175 [Worker-186] INFO  o.a.AndroidAnnotationProcessor:259 - Number of files generated by AndroidAnnotations: 1
14:47:50.175 [Worker-186] INFO  o.a.g.ApiCodeGenerator:52 - Writting following API classes in project: []
14:47:50.176 [Worker-186] DEBUG o.a.g.SourceCodewriter:55 - Generating class: com.jayqqaa12.pop.MenuItem_
14:47:50.181 [Worker-186] INFO  o.a.p.TimeStats:81 - Time measurements: [Whole Processing = 28 ms], [Extract Annotations = 10 ms], [Generate Sources = 6 ms], [Find R Classes = 5 ms], [Extract Manifest = 2 ms], [Validate Annotations = 2 ms], [Process Annotations = 2 ms], 
14:47:50.182 [Worker-186] INFO  o.a.AndroidAnnotationProcessor:131 - Finish processing
14:47:55.558 [Worker-186] INFO  o.a.AndroidAnnotationProcessor:86 - Initialize AndroidAnnotationProcessor with options {phase=BUILD}
14:47:55.559 [Worker-186] INFO  o.a.AndroidAnnotationProcessor:117 - Start processing for 2 annotations on 4 elements
14:47:55.565 [Worker-186] DEBUG o.a.h.AndroidManifestFinder:137 - AndroidManifest.xml file found in parent folder E:\workspace\PicPopupWindow: E:\workspace\PicPopupWindow\AndroidManifest.xml
14:47:55.567 [Worker-186] INFO  o.a.AndroidAnnotationProcessor:180 - AndroidManifest.xml found: AndroidManifest [applicationPackage=com.jayqqaa12.pop, componentQualifiedNames=[com.jayqqaa12.pop.MainActivity], permissionQualifiedNames=[], applicationClassName=null, libraryProject=false, debugabble=false, minSdkVersion=8, maxSdkVersion=-1, targetSdkVersion=15]
14:47:55.567 [Worker-186] INFO  o.a.r.ProjectRClassFinder:48 - Found project R class: com.jayqqaa12.pop.R
14:47:55.568 [Worker-186] INFO  o.a.r.AndroidRClassFinder:44 - Found Android class: android.R
14:47:55.571 [Worker-186] INFO  o.a.p.ModelValidator:42 - Validating elements
14:47:55.572 [Worker-186] DEBUG o.a.p.ModelValidator:62 - Validating with EViewGroupHandler: [com.jayqqaa12.pop.MenuItem]
14:47:55.572 [Worker-186] DEBUG o.a.p.ModelValidator:62 - Validating with ViewByIdHandler: [m_iv, m_tv]
14:47:55.573 [Worker-186] INFO  o.a.p.ModelProcessor:73 - Processing root elements
14:47:55.573 [Worker-186] DEBUG o.a.p.ModelProcessor:80 - Processing root elements EViewGroupHandler: [com.jayqqaa12.pop.MenuItem]
14:47:55.574 [Worker-186] INFO  o.a.p.ModelProcessor:104 - Processing enclosed elements
14:47:55.575 [Worker-186] DEBUG o.a.p.ModelProcessor:116 - Processing enclosed elements with ViewByIdHandler: [org.androidannotations.model.AnnotationElements$AnnotatedAndRootElements@4151e6e2, org.androidannotations.model.AnnotationElements$AnnotatedAndRootElements@680d20ee]
14:47:55.576 [Worker-186] INFO  o.a.AndroidAnnotationProcessor:259 - Number of files generated by AndroidAnnotations: 1
14:47:55.576 [Worker-186] INFO  o.a.g.ApiCodeGenerator:52 - Writting following API classes in project: []
14:47:55.577 [Worker-186] DEBUG o.a.g.SourceCodewriter:55 - Generating class: com.jayqqaa12.pop.MenuItem_
14:47:55.578 [Worker-186] INFO  o.a.p.TimeStats:81 - Time measurements: [Whole Processing = 19 ms], [Extract Annotations = 5 ms], [Find R Classes = 4 ms], [Process Annotations = 3 ms], [Extract Manifest = 2 ms], [Validate Annotations = 2 ms], [Generate Sources = 2 ms], 
14:47:55.579 [Worker-186] INFO  o.a.AndroidAnnotationProcessor:131 - Finish processing
14:48:03.42 [Worker-180] INFO  o.a.AndroidAnnotationProcessor:86 - Initialize AndroidAnnotationProcessor with options {phase=BUILD}
14:48:03.58 [Worker-180] INFO  o.a.AndroidAnnotationProcessor:117 - Start processing for 2 annotations on 6 elements
14:48:03.69 [Worker-180] DEBUG o.a.h.AndroidManifestFinder:137 - AndroidManifest.xml file found in parent folder E:\workspace\PicPopupWindow: E:\workspace\PicPopupWindow\AndroidManifest.xml
14:48:03.70 [Worker-180] INFO  o.a.AndroidAnnotationProcessor:180 - AndroidManifest.xml found: AndroidManifest [applicationPackage=com.jayqqaa12.pop, componentQualifiedNames=[com.jayqqaa12.pop.MainActivity], permissionQualifiedNames=[], applicationClassName=null, libraryProject=false, debugabble=false, minSdkVersion=8, maxSdkVersion=-1, targetSdkVersion=15]
14:48:03.71 [Worker-180] INFO  o.a.r.ProjectRClassFinder:48 - Found project R class: com.jayqqaa12.pop.R
14:48:03.72 [Worker-180] INFO  o.a.r.AndroidRClassFinder:44 - Found Android class: android.R
14:48:03.75 [Worker-180] INFO  o.a.p.ModelValidator:42 - Validating elements
14:48:03.76 [Worker-180] DEBUG o.a.p.ModelValidator:62 - Validating with EViewGroupHandler: [com.jayqqaa12.pop.MenuItem]
14:48:03.77 [Worker-180] DEBUG o.a.p.ModelValidator:62 - Validating with ViewByIdHandler: [m_iv, m_tv]
14:48:03.77 [Worker-180] INFO  o.a.p.ModelProcessor:73 - Processing root elements
14:48:03.78 [Worker-180] DEBUG o.a.p.ModelProcessor:80 - Processing root elements EViewGroupHandler: [com.jayqqaa12.pop.MenuItem]
14:48:03.78 [Worker-180] INFO  o.a.p.ModelProcessor:104 - Processing enclosed elements
14:48:03.79 [Worker-180] DEBUG o.a.p.ModelProcessor:116 - Processing enclosed elements with ViewByIdHandler: [org.androidannotations.model.AnnotationElements$AnnotatedAndRootElements@1bdefed, org.androidannotations.model.AnnotationElements$AnnotatedAndRootElements@5cd2b17f]
14:48:03.79 [Worker-180] INFO  o.a.AndroidAnnotationProcessor:259 - Number of files generated by AndroidAnnotations: 1
14:48:03.80 [Worker-180] INFO  o.a.g.ApiCodeGenerator:52 - Writting following API classes in project: []
14:48:03.80 [Worker-180] DEBUG o.a.g.SourceCodewriter:55 - Generating class: com.jayqqaa12.pop.MenuItem_
14:48:03.82 [Worker-180] INFO  o.a.p.TimeStats:81 - Time measurements: [Whole Processing = 24 ms], [Extract Annotations = 9 ms], [Find R Classes = 4 ms], [Generate Sources = 3 ms], [Extract Manifest = 2 ms], [Validate Annotations = 2 ms], [Process Annotations = 2 ms], 
14:48:03.82 [Worker-180] INFO  o.a.AndroidAnnotationProcessor:131 - Finish processing
14:48:28.861 [Worker-186] INFO  o.a.AndroidAnnotationProcessor:86 - Initialize AndroidAnnotationProcessor with options {phase=BUILD}
14:48:28.903 [Worker-186] INFO  o.a.AndroidAnnotationProcessor:117 - Start processing for 2 annotations on 5 elements
14:48:28.909 [Worker-186] DEBUG o.a.h.AndroidManifestFinder:137 - AndroidManifest.xml file found in parent folder E:\workspace\PicPopupWindow: E:\workspace\PicPopupWindow\AndroidManifest.xml
14:48:28.911 [Worker-186] INFO  o.a.AndroidAnnotationProcessor:180 - AndroidManifest.xml found: AndroidManifest [applicationPackage=com.jayqqaa12.pop, componentQualifiedNames=[com.jayqqaa12.pop.MainActivity], permissionQualifiedNames=[], applicationClassName=null, libraryProject=false, debugabble=false, minSdkVersion=8, maxSdkVersion=-1, targetSdkVersion=15]
14:48:28.912 [Worker-186] INFO  o.a.r.ProjectRClassFinder:48 - Found project R class: com.jayqqaa12.pop.R
14:48:28.913 [Worker-186] INFO  o.a.r.AndroidRClassFinder:44 - Found Android class: android.R
14:48:28.917 [Worker-186] INFO  o.a.p.ModelValidator:42 - Validating elements
14:48:28.917 [Worker-186] DEBUG o.a.p.ModelValidator:62 - Validating with EViewGroupHandler: [com.jayqqaa12.pop.MenuItem]
14:48:28.918 [Worker-186] DEBUG o.a.p.ModelValidator:62 - Validating with ViewByIdHandler: [m_iv, m_tv]
14:48:28.919 [Worker-186] INFO  o.a.p.ModelProcessor:73 - Processing root elements
14:48:28.919 [Worker-186] DEBUG o.a.p.ModelProcessor:80 - Processing root elements EViewGroupHandler: [com.jayqqaa12.pop.MenuItem]
14:48:28.920 [Worker-186] INFO  o.a.p.ModelProcessor:104 - Processing enclosed elements
14:48:28.920 [Worker-186] DEBUG o.a.p.ModelProcessor:116 - Processing enclosed elements with ViewByIdHandler: [org.androidannotations.model.AnnotationElements$AnnotatedAndRootElements@4133df85, org.androidannotations.model.AnnotationElements$AnnotatedAndRootElements@6ae0a02c]
14:48:28.921 [Worker-186] INFO  o.a.AndroidAnnotationProcessor:259 - Number of files generated by AndroidAnnotations: 1
14:48:28.921 [Worker-186] INFO  o.a.g.ApiCodeGenerator:52 - Writting following API classes in project: []
14:48:28.921 [Worker-186] DEBUG o.a.g.SourceCodewriter:55 - Generating class: com.jayqqaa12.pop.MenuItem_
14:48:28.923 [Worker-186] INFO  o.a.p.TimeStats:81 - Time measurements: [Whole Processing = 20 ms], [Extract Annotations = 5 ms], [Find R Classes = 5 ms], [Extract Manifest = 2 ms], [Validate Annotations = 2 ms], [Process Annotations = 2 ms], [Generate Sources = 2 ms], 
14:48:28.924 [Worker-186] INFO  o.a.AndroidAnnotationProcessor:131 - Finish processing
14:53:26.566 [Worker-185] INFO  o.a.AndroidAnnotationProcessor:86 - Initialize AndroidAnnotationProcessor with options {phase=BUILD}
14:54:10.891 [Worker-164] INFO  o.a.AndroidAnnotationProcessor:86 - Initialize AndroidAnnotationProcessor with options {phase=BUILD}
14:54:14.337 [Worker-188] INFO  o.a.AndroidAnnotationProcessor:86 - Initialize AndroidAnnotationProcessor with options {phase=BUILD}
14:55:33.181 [Worker-181] INFO  o.a.AndroidAnnotationProcessor:86 - Initialize AndroidAnnotationProcessor with options {phase=BUILD}
14:57:42.619 [Worker-190] INFO  o.a.AndroidAnnotationProcessor:86 - Initialize AndroidAnnotationProcessor with options {phase=BUILD}
15:00:58.420 [Worker-192] INFO  o.a.AndroidAnnotationProcessor:86 - Initialize AndroidAnnotationProcessor with options {phase=BUILD}
15:02:11.398 [Worker-184] INFO  o.a.AndroidAnnotationProcessor:86 - Initialize AndroidAnnotationProcessor with options {phase=BUILD}
15:03:03.238 [Worker-196] INFO  o.a.AndroidAnnotationProcessor:86 - Initialize AndroidAnnotationProcessor with options {phase=BUILD}
15:03:24.563 [Worker-192] INFO  o.a.AndroidAnnotationProcessor:86 - Initialize AndroidAnnotationProcessor with options {phase=BUILD}
15:03:49.134 [Worker-193] INFO  o.a.AndroidAnnotationProcessor:86 - Initialize AndroidAnnotationProcessor with options {phase=BUILD}
15:03:59.116 [Worker-197] INFO  o.a.AndroidAnnotationProcessor:86 - Initialize AndroidAnnotationProcessor with options {phase=BUILD}
15:04:15.605 [Worker-163] INFO  o.a.AndroidAnnotationProcessor:86 - Initialize AndroidAnnotationProcessor with options {phase=BUILD}
15:05:07.559 [Worker-196] INFO  o.a.AndroidAnnotationProcessor:86 - Initialize AndroidAnnotationProcessor with options {phase=BUILD}
15:05:58.201 [Worker-196] INFO  o.a.AndroidAnnotationProcessor:86 - Initialize AndroidAnnotationProcessor with options {phase=BUILD}
15:06:00.696 [Worker-195] INFO  o.a.AndroidAnnotationProcessor:86 - Initialize AndroidAnnotationProcessor with options {phase=BUILD}
15:06:02.98 [Worker-192] INFO  o.a.AndroidAnnotationProcessor:86 - Initialize AndroidAnnotationProcessor with options {phase=BUILD}
15:06:48.131 [Worker-181] INFO  o.a.AndroidAnnotationProcessor:86 - Initialize AndroidAnnotationProcessor with options {phase=BUILD}
15:07:13.113 [Worker-196] INFO  o.a.AndroidAnnotationProcessor:86 - Initialize AndroidAnnotationProcessor with options {phase=BUILD}
15:08:53.880 [Worker-197] INFO  o.a.AndroidAnnotationProcessor:86 - Initialize AndroidAnnotationProcessor with options {phase=BUILD}
15:08:59.19 [Worker-163] INFO  o.a.AndroidAnnotationProcessor:86 - Initialize AndroidAnnotationProcessor with options {phase=BUILD}
15:09:05.507 [Worker-181] INFO  o.a.AndroidAnnotationProcessor:86 - Initialize AndroidAnnotationProcessor with options {phase=BUILD}
15:09:51.372 [Worker-181] INFO  o.a.AndroidAnnotationProcessor:86 - Initialize AndroidAnnotationProcessor with options {phase=BUILD}
15:09:59.166 [Worker-195] INFO  o.a.AndroidAnnotationProcessor:86 - Initialize AndroidAnnotationProcessor with options {phase=BUILD}
15:10:35.861 [Worker-195] INFO  o.a.AndroidAnnotationProcessor:86 - Initialize AndroidAnnotationProcessor with options {phase=BUILD}
15:10:37.183 [Worker-193] INFO  o.a.AndroidAnnotationProcessor:86 - Initialize AndroidAnnotationProcessor with options {phase=BUILD}
15:11:02.528 [Worker-193] INFO  o.a.AndroidAnnotationProcessor:86 - Initialize AndroidAnnotationProcessor with options {phase=BUILD}
15:11:24.137 [Worker-200] INFO  o.a.AndroidAnnotationProcessor:86 - Initialize AndroidAnnotationProcessor with options {phase=BUILD}
15:11:58.906 [Worker-181] INFO  o.a.AndroidAnnotationProcessor:86 - Initialize AndroidAnnotationProcessor with options {phase=BUILD}
15:12:43.889 [Worker-181] INFO  o.a.AndroidAnnotationProcessor:86 - Initialize AndroidAnnotationProcessor with options {phase=BUILD}
15:13:20.237 [Worker-181] INFO  o.a.AndroidAnnotationProcessor:86 - Initialize AndroidAnnotationProcessor with options {phase=BUILD}
15:14:13.316 [Worker-193] INFO  o.a.AndroidAnnotationProcessor:86 - Initialize AndroidAnnotationProcessor with options {phase=BUILD}
15:14:14.515 [Worker-196] INFO  o.a.AndroidAnnotationProcessor:86 - Initialize AndroidAnnotationProcessor with options {phase=BUILD}
15:14:51.55 [Worker-193] INFO  o.a.AndroidAnnotationProcessor:86 - Initialize AndroidAnnotationProcessor with options {phase=BUILD}
15:15:33.824 [Worker-194] INFO  o.a.AndroidAnnotationProcessor:86 - Initialize AndroidAnnotationProcessor with options {phase=BUILD}
15:17:50.489 [Worker-200] INFO  o.a.AndroidAnnotationProcessor:86 - Initialize AndroidAnnotationProcessor with options {phase=BUILD}
15:18:03.319 [Worker-200] INFO  o.a.AndroidAnnotationProcessor:86 - Initialize AndroidAnnotationProcessor with options {phase=BUILD}
15:18:05.704 [Worker-202] INFO  o.a.AndroidAnnotationProcessor:86 - Initialize AndroidAnnotationProcessor with options {phase=BUILD}
15:18:10.387 [Worker-200] INFO  o.a.AndroidAnnotationProcessor:86 - Initialize AndroidAnnotationProcessor with options {phase=BUILD}
15:18:14.23 [Worker-201] INFO  o.a.AndroidAnnotationProcessor:86 - Initialize AndroidAnnotationProcessor with options {phase=BUILD}
15:18:23.409 [Worker-198] INFO  o.a.AndroidAnnotationProcessor:86 - Initialize AndroidAnnotationProcessor with options {phase=BUILD}
15:18:35.732 [Worker-201] INFO  o.a.AndroidAnnotationProcessor:86 - Initialize AndroidAnnotationProcessor with options {phase=BUILD}
15:19:00.823 [Worker-200] INFO  o.a.AndroidAnnotationProcessor:86 - Initialize AndroidAnnotationProcessor with options {phase=BUILD}
15:19:13.149 [Worker-196] INFO  o.a.AndroidAnnotationProcessor:86 - Initialize AndroidAnnotationProcessor with options {phase=BUILD}
15:20:02.525 [Worker-199] INFO  o.a.AndroidAnnotationProcessor:86 - Initialize AndroidAnnotationProcessor with options {phase=BUILD}
15:20:22.361 [Worker-198] INFO  o.a.AndroidAnnotationProcessor:86 - Initialize AndroidAnnotationProcessor with options {phase=BUILD}
15:20:31.60 [Worker-201] INFO  o.a.AndroidAnnotationProcessor:86 - Initialize AndroidAnnotationProcessor with options {phase=BUILD}
15:20:59.597 [Worker-197] INFO  o.a.AndroidAnnotationProcessor:86 - Initialize AndroidAnnotationProcessor with options {phase=BUILD}
15:21:14.221 [Worker-197] INFO  o.a.AndroidAnnotationProcessor:86 - Initialize AndroidAnnotationProcessor with options {phase=BUILD}
15:21:27.860 [Worker-196] INFO  o.a.AndroidAnnotationProcessor:86 - Initialize AndroidAnnotationProcessor with options {phase=BUILD}
15:21:40.670 [Worker-197] INFO  o.a.AndroidAnnotationProcessor:86 - Initialize AndroidAnnotationProcessor with options {phase=BUILD}
15:21:52.200 [Worker-194] INFO  o.a.AndroidAnnotationProcessor:86 - Initialize AndroidAnnotationProcessor with options {phase=BUILD}
15:22:05.159 [Worker-202] INFO  o.a.AndroidAnnotationProcessor:86 - Initialize AndroidAnnotationProcessor with options {phase=BUILD}
15:22:12.427 [Worker-196] INFO  o.a.AndroidAnnotationProcessor:86 - Initialize AndroidAnnotationProcessor with options {phase=BUILD}
15:23:48.206 [Worker-201] INFO  o.a.AndroidAnnotationProcessor:86 - Initialize AndroidAnnotationProcessor with options {phase=BUILD}
15:23:54.97 [Worker-201] INFO  o.a.AndroidAnnotationProcessor:86 - Initialize AndroidAnnotationProcessor with options {phase=BUILD}
15:25:02.574 [Worker-200] INFO  o.a.AndroidAnnotationProcessor:86 - Initialize AndroidAnnotationProcessor with options {phase=BUILD}
15:27:12.44 [Worker-201] INFO  o.a.AndroidAnnotationProcessor:86 - Initialize AndroidAnnotationProcessor with options {phase=BUILD}
15:27:45.573 [Worker-197] INFO  o.a.AndroidAnnotationProcessor:86 - Initialize AndroidAnnotationProcessor with options {phase=BUILD}
15:27:58.833 [Worker-203] INFO  o.a.AndroidAnnotationProcessor:86 - Initialize AndroidAnnotationProcessor with options {phase=BUILD}
15:28:31.488 [Worker-201] INFO  o.a.AndroidAnnotationProcessor:86 - Initialize AndroidAnnotationProcessor with options {phase=BUILD}
15:28:42.503 [Worker-197] INFO  o.a.AndroidAnnotationProcessor:86 - Initialize AndroidAnnotationProcessor with options {phase=BUILD}
15:29:01.737 [Worker-201] INFO  o.a.AndroidAnnotationProcessor:86 - Initialize AndroidAnnotationProcessor with options {phase=BUILD}
15:29:09.804 [Worker-196] INFO  o.a.AndroidAnnotationProcessor:86 - Initialize AndroidAnnotationProcessor with options {phase=BUILD}
15:29:43.320 [Worker-194] INFO  o.a.AndroidAnnotationProcessor:86 - Initialize AndroidAnnotationProcessor with options {phase=BUILD}
15:31:36.257 [Worker-201] INFO  o.a.AndroidAnnotationProcessor:86 - Initialize AndroidAnnotationProcessor with options {phase=BUILD}
15:32:02.382 [Worker-202] INFO  o.a.AndroidAnnotationProcessor:86 - Initialize AndroidAnnotationProcessor with options {phase=BUILD}
15:32:06.983 [Worker-200] INFO  o.a.AndroidAnnotationProcessor:86 - Initialize AndroidAnnotationProcessor with options {phase=BUILD}
15:32:14.237 [Worker-200] INFO  o.a.AndroidAnnotationProcessor:86 - Initialize AndroidAnnotationProcessor with options {phase=BUILD}
15:32:22.425 [Worker-194] INFO  o.a.AndroidAnnotationProcessor:86 - Initialize AndroidAnnotationProcessor with options {phase=BUILD}
15:32:52.59 [Worker-202] INFO  o.a.AndroidAnnotationProcessor:86 - Initialize AndroidAnnotationProcessor with options {phase=BUILD}
15:33:07.319 [Worker-205] INFO  o.a.AndroidAnnotationProcessor:86 - Initialize AndroidAnnotationProcessor with options {phase=BUILD}
15:33:34.687 [Worker-194] INFO  o.a.AndroidAnnotationProcessor:86 - Initialize AndroidAnnotationProcessor with options {phase=BUILD}
15:33:49.821 [Worker-207] INFO  o.a.AndroidAnnotationProcessor:86 - Initialize AndroidAnnotationProcessor with options {phase=BUILD}
15:34:04.814 [Worker-206] INFO  o.a.AndroidAnnotationProcessor:86 - Initialize AndroidAnnotationProcessor with options {phase=BUILD}
15:34:40.247 [Worker-207] INFO  o.a.AndroidAnnotationProcessor:86 - Initialize AndroidAnnotationProcessor with options {phase=BUILD}
15:35:36.430 [Worker-194] INFO  o.a.AndroidAnnotationProcessor:86 - Initialize AndroidAnnotationProcessor with options {phase=BUILD}
15:35:42.316 [Worker-205] INFO  o.a.AndroidAnnotationProcessor:86 - Initialize AndroidAnnotationProcessor with options {phase=BUILD}
15:35:44.723 [Worker-200] INFO  o.a.AndroidAnnotationProcessor:86 - Initialize AndroidAnnotationProcessor with options {phase=BUILD}
15:35:49.943 [Worker-202] INFO  o.a.AndroidAnnotationProcessor:86 - Initialize AndroidAnnotationProcessor with options {phase=BUILD}
15:36:04.737 [Worker-205] INFO  o.a.AndroidAnnotationProcessor:86 - Initialize AndroidAnnotationProcessor with options {phase=BUILD}
15:37:46.334 [Worker-206] INFO  o.a.AndroidAnnotationProcessor:86 - Initialize AndroidAnnotationProcessor with options {phase=BUILD}
15:37:46.335 [Worker-206] INFO  o.a.AndroidAnnotationProcessor:117 - Start processing for 2 annotations on 1 elements
15:37:46.336 [Worker-206] DEBUG o.a.h.AndroidManifestFinder:137 - AndroidManifest.xml file found in parent folder E:\workspace\PicPopupWindow: E:\workspace\PicPopupWindow\AndroidManifest.xml
15:37:46.338 [Worker-206] INFO  o.a.AndroidAnnotationProcessor:180 - AndroidManifest.xml found: AndroidManifest [applicationPackage=com.jayqqaa12.pop, componentQualifiedNames=[com.jayqqaa12.pop.MainActivity], permissionQualifiedNames=[], applicationClassName=null, libraryProject=false, debugabble=false, minSdkVersion=8, maxSdkVersion=-1, targetSdkVersion=15]
15:37:46.339 [Worker-206] INFO  o.a.r.ProjectRClassFinder:48 - Found project R class: com.jayqqaa12.pop.R
15:37:46.340 [Worker-206] INFO  o.a.r.AndroidRClassFinder:44 - Found Android class: android.R
15:37:46.343 [Worker-206] INFO  o.a.p.ModelValidator:42 - Validating elements
15:37:46.344 [Worker-206] DEBUG o.a.p.ModelValidator:62 - Validating with EBeanHandler: [com.jayqqaa12.pop.MenuAdapter]
15:37:46.345 [Worker-206] DEBUG o.a.p.ModelValidator:62 - Validating with AfterInjectHandler: [public void init() ]
15:37:46.347 [Worker-206] INFO  o.a.p.ModelProcessor:73 - Processing root elements
15:37:46.347 [Worker-206] DEBUG o.a.p.ModelProcessor:80 - Processing root elements EBeanHandler: [com.jayqqaa12.pop.MenuAdapter]
15:37:46.349 [Worker-206] INFO  o.a.p.ModelProcessor:104 - Processing enclosed elements
15:37:46.349 [Worker-206] INFO  o.a.AndroidAnnotationProcessor:259 - Number of files generated by AndroidAnnotations: 1
15:37:46.350 [Worker-206] INFO  o.a.g.ApiCodeGenerator:52 - Writting following API classes in project: []
15:37:46.350 [Worker-206] DEBUG o.a.g.SourceCodewriter:55 - Generating class: com.jayqqaa12.pop.MenuAdapter_
15:37:46.363 [Worker-206] INFO  o.a.p.TimeStats:81 - Time measurements: [Whole Processing = 28 ms], [Generate Sources = 14 ms], [Find R Classes = 5 ms], [Validate Annotations = 4 ms], [Extract Manifest = 2 ms], [Process Annotations = 2 ms], [Extract Annotations = 0 ms], 
15:37:46.363 [Worker-206] INFO  o.a.AndroidAnnotationProcessor:131 - Finish processing
15:38:19.432 [Worker-207] INFO  o.a.AndroidAnnotationProcessor:86 - Initialize AndroidAnnotationProcessor with options {phase=BUILD}
15:38:19.435 [Worker-207] INFO  o.a.AndroidAnnotationProcessor:117 - Start processing for 2 annotations on 1 elements
15:38:19.438 [Worker-207] DEBUG o.a.h.AndroidManifestFinder:137 - AndroidManifest.xml file found in parent folder E:\workspace\PicPopupWindow: E:\workspace\PicPopupWindow\AndroidManifest.xml
15:38:19.440 [Worker-207] INFO  o.a.AndroidAnnotationProcessor:180 - AndroidManifest.xml found: AndroidManifest [applicationPackage=com.jayqqaa12.pop, componentQualifiedNames=[com.jayqqaa12.pop.MainActivity], permissionQualifiedNames=[], applicationClassName=null, libraryProject=false, debugabble=false, minSdkVersion=8, maxSdkVersion=-1, targetSdkVersion=15]
15:38:19.442 [Worker-207] INFO  o.a.r.ProjectRClassFinder:48 - Found project R class: com.jayqqaa12.pop.R
15:38:19.445 [Worker-207] INFO  o.a.r.AndroidRClassFinder:44 - Found Android class: android.R
15:38:19.451 [Worker-207] INFO  o.a.p.ModelValidator:42 - Validating elements
15:38:19.452 [Worker-207] DEBUG o.a.p.ModelValidator:62 - Validating with EBeanHandler: [adapter]
15:38:19.453 [Worker-207] ERROR o.a.h.AnnotationHelper:110 - @org.androidannotations.annotations.EBean annotated element should have only one constructor
15:38:19.453 [Worker-207] WARN  o.a.p.ModelValidator:69 - Element EBeanHandler unvalidated by 
15:38:19.453 [Worker-207] DEBUG o.a.p.ModelValidator:62 - Validating with EViewHandler: [com.jayqqaa12.pop.MenuPop]
15:38:19.454 [Worker-207] ERROR o.a.h.AnnotationHelper:110 - @org.androidannotations.annotations.EView can only be used on an element that extends android.view.View
15:38:19.454 [Worker-207] WARN  o.a.p.ModelValidator:69 - Element EViewHandler unvalidated by 
15:38:19.454 [Worker-207] INFO  o.a.p.ModelProcessor:73 - Processing root elements
15:38:19.455 [Worker-207] INFO  o.a.p.ModelProcessor:104 - Processing enclosed elements
15:38:19.455 [Worker-207] INFO  o.a.AndroidAnnotationProcessor:259 - Number of files generated by AndroidAnnotations: 0
15:38:19.456 [Worker-207] INFO  o.a.g.ApiCodeGenerator:52 - Writting following API classes in project: []
15:38:19.456 [Worker-207] INFO  o.a.p.TimeStats:81 - Time measurements: [Whole Processing = 21 ms], [Find R Classes = 10 ms], [Validate Annotations = 3 ms], [Extract Annotations = 2 ms], [Extract Manifest = 2 ms], [Process Annotations = 1 ms], [Generate Sources = 1 ms], 
15:38:19.456 [Worker-207] INFO  o.a.AndroidAnnotationProcessor:131 - Finish processing
15:38:39.491 [Worker-209] INFO  o.a.AndroidAnnotationProcessor:86 - Initialize AndroidAnnotationProcessor with options {phase=BUILD}
15:38:39.492 [Worker-209] INFO  o.a.AndroidAnnotationProcessor:117 - Start processing for 1 annotations on 3 elements
15:38:39.494 [Worker-209] DEBUG o.a.h.AndroidManifestFinder:137 - AndroidManifest.xml file found in parent folder E:\workspace\PicPopupWindow: E:\workspace\PicPopupWindow\AndroidManifest.xml
15:38:39.495 [Worker-209] INFO  o.a.AndroidAnnotationProcessor:180 - AndroidManifest.xml found: AndroidManifest [applicationPackage=com.jayqqaa12.pop, componentQualifiedNames=[com.jayqqaa12.pop.MainActivity], permissionQualifiedNames=[], applicationClassName=null, libraryProject=false, debugabble=false, minSdkVersion=8, maxSdkVersion=-1, targetSdkVersion=15]
15:38:39.496 [Worker-209] INFO  o.a.r.ProjectRClassFinder:48 - Found project R class: com.jayqqaa12.pop.R
15:38:39.496 [Worker-209] INFO  o.a.r.AndroidRClassFinder:44 - Found Android class: android.R
15:38:39.499 [Worker-209] INFO  o.a.p.ModelValidator:42 - Validating elements
15:38:39.500 [Worker-209] DEBUG o.a.p.ModelValidator:62 - Validating with EViewHandler: [com.jayqqaa12.pop.MenuPop]
15:38:39.500 [Worker-209] ERROR o.a.h.AnnotationHelper:110 - @org.androidannotations.annotations.EView can only be used on an element that extends android.view.View
15:38:39.501 [Worker-209] WARN  o.a.p.ModelValidator:69 - Element EViewHandler unvalidated by 
15:38:39.501 [Worker-209] INFO  o.a.p.ModelProcessor:73 - Processing root elements
15:38:39.501 [Worker-209] INFO  o.a.p.ModelProcessor:104 - Processing enclosed elements
15:38:39.502 [Worker-209] INFO  o.a.AndroidAnnotationProcessor:259 - Number of files generated by AndroidAnnotations: 0
15:38:39.502 [Worker-209] INFO  o.a.g.ApiCodeGenerator:52 - Writting following API classes in project: []
15:38:39.502 [Worker-209] INFO  o.a.p.TimeStats:81 - Time measurements: [Whole Processing = 10 ms], [Find R Classes = 3 ms], [Validate Annotations = 2 ms], [Extract Annotations = 1 ms], [Extract Manifest = 1 ms], [Process Annotations = 1 ms], [Generate Sources = 0 ms], 
15:38:39.503 [Worker-209] INFO  o.a.AndroidAnnotationProcessor:131 - Finish processing
15:38:49.375 [Worker-202] INFO  o.a.AndroidAnnotationProcessor:86 - Initialize AndroidAnnotationProcessor with options {phase=BUILD}
15:38:49.376 [Worker-202] INFO  o.a.AndroidAnnotationProcessor:117 - Start processing for 2 annotations on 3 elements
15:38:49.377 [Worker-202] DEBUG o.a.h.AndroidManifestFinder:137 - AndroidManifest.xml file found in parent folder E:\workspace\PicPopupWindow: E:\workspace\PicPopupWindow\AndroidManifest.xml
15:38:49.379 [Worker-202] INFO  o.a.AndroidAnnotationProcessor:180 - AndroidManifest.xml found: AndroidManifest [applicationPackage=com.jayqqaa12.pop, componentQualifiedNames=[com.jayqqaa12.pop.MainActivity], permissionQualifiedNames=[], applicationClassName=null, libraryProject=false, debugabble=false, minSdkVersion=8, maxSdkVersion=-1, targetSdkVersion=15]
15:38:49.379 [Worker-202] INFO  o.a.r.ProjectRClassFinder:48 - Found project R class: com.jayqqaa12.pop.R
15:38:49.380 [Worker-202] INFO  o.a.r.AndroidRClassFinder:44 - Found Android class: android.R
15:38:49.383 [Worker-202] INFO  o.a.p.ModelValidator:42 - Validating elements
15:38:49.383 [Worker-202] DEBUG o.a.p.ModelValidator:62 - Validating with EViewHandler: [com.jayqqaa12.pop.MenuPop]
15:38:49.384 [Worker-202] ERROR o.a.h.AnnotationHelper:110 - @org.androidannotations.annotations.EView can only be used on an element that extends android.view.View
15:38:49.384 [Worker-202] WARN  o.a.p.ModelValidator:69 - Element EViewHandler unvalidated by 
15:38:49.384 [Worker-202] DEBUG o.a.p.ModelValidator:62 - Validating with BeanHandler: [adapter]
15:38:49.385 [Worker-202] WARN  o.a.p.ModelValidator:69 - Element BeanHandler unvalidated by 
15:38:49.386 [Worker-202] INFO  o.a.p.ModelProcessor:73 - Processing root elements
15:38:49.386 [Worker-202] INFO  o.a.p.ModelProcessor:104 - Processing enclosed elements
15:38:49.387 [Worker-202] INFO  o.a.AndroidAnnotationProcessor:259 - Number of files generated by AndroidAnnotations: 0
15:38:49.387 [Worker-202] INFO  o.a.g.ApiCodeGenerator:52 - Writting following API classes in project: []
15:38:49.387 [Worker-202] INFO  o.a.p.TimeStats:81 - Time measurements: [Whole Processing = 11 ms], [Find R Classes = 4 ms], [Validate Annotations = 3 ms], [Extract Manifest = 2 ms], [Extract Annotations = 1 ms], [Process Annotations = 1 ms], [Generate Sources = 0 ms], 
15:38:49.388 [Worker-202] INFO  o.a.AndroidAnnotationProcessor:131 - Finish processing
15:39:04.415 [Worker-210] INFO  o.a.AndroidAnnotationProcessor:86 - Initialize AndroidAnnotationProcessor with options {phase=BUILD}
15:39:04.417 [Worker-210] INFO  o.a.AndroidAnnotationProcessor:117 - Start processing for 2 annotations on 3 elements
15:39:04.418 [Worker-210] DEBUG o.a.h.AndroidManifestFinder:137 - AndroidManifest.xml file found in parent folder E:\workspace\PicPopupWindow: E:\workspace\PicPopupWindow\AndroidManifest.xml
15:39:04.420 [Worker-210] INFO  o.a.AndroidAnnotationProcessor:180 - AndroidManifest.xml found: AndroidManifest [applicationPackage=com.jayqqaa12.pop, componentQualifiedNames=[com.jayqqaa12.pop.MainActivity], permissionQualifiedNames=[], applicationClassName=null, libraryProject=false, debugabble=false, minSdkVersion=8, maxSdkVersion=-1, targetSdkVersion=15]
15:39:04.420 [Worker-210] INFO  o.a.r.ProjectRClassFinder:48 - Found project R class: com.jayqqaa12.pop.R
15:39:04.421 [Worker-210] INFO  o.a.r.AndroidRClassFinder:44 - Found Android class: android.R
15:39:04.424 [Worker-210] INFO  o.a.p.ModelValidator:42 - Validating elements
15:39:04.424 [Worker-210] DEBUG o.a.p.ModelValidator:62 - Validating with EBeanHandler: [com.jayqqaa12.pop.MenuPop]
15:39:04.425 [Worker-210] DEBUG o.a.p.ModelValidator:62 - Validating with BeanHandler: [adapter]
15:39:04.425 [Worker-210] INFO  o.a.p.ModelProcessor:73 - Processing root elements
15:39:04.426 [Worker-210] DEBUG o.a.p.ModelProcessor:80 - Processing root elements EBeanHandler: [com.jayqqaa12.pop.MenuPop]
15:39:04.426 [Worker-210] INFO  o.a.p.ModelProcessor:104 - Processing enclosed elements
15:39:04.427 [Worker-210] INFO  o.a.AndroidAnnotationProcessor:259 - Number of files generated by AndroidAnnotations: 1
15:39:04.427 [Worker-210] INFO  o.a.g.ApiCodeGenerator:52 - Writting following API classes in project: []
15:39:04.428 [Worker-210] DEBUG o.a.g.SourceCodewriter:55 - Generating class: com.jayqqaa12.pop.MenuPop_
15:39:04.429 [Worker-210] INFO  o.a.p.TimeStats:81 - Time measurements: [Whole Processing = 12 ms], [Find R Classes = 4 ms], [Extract Manifest = 2 ms], [Process Annotations = 2 ms], [Generate Sources = 2 ms], [Extract Annotations = 1 ms], [Validate Annotations = 1 ms], 
15:39:04.430 [Worker-210] INFO  o.a.AndroidAnnotationProcessor:131 - Finish processing
15:39:07.146 [Worker-208] INFO  o.a.AndroidAnnotationProcessor:86 - Initialize AndroidAnnotationProcessor with options {phase=BUILD}
15:39:07.148 [Worker-208] INFO  o.a.AndroidAnnotationProcessor:117 - Start processing for 2 annotations on 1 elements
15:39:07.149 [Worker-208] DEBUG o.a.h.AndroidManifestFinder:137 - AndroidManifest.xml file found in parent folder E:\workspace\PicPopupWindow: E:\workspace\PicPopupWindow\AndroidManifest.xml
15:39:07.151 [Worker-208] INFO  o.a.AndroidAnnotationProcessor:180 - AndroidManifest.xml found: AndroidManifest [applicationPackage=com.jayqqaa12.pop, componentQualifiedNames=[com.jayqqaa12.pop.MainActivity], permissionQualifiedNames=[], applicationClassName=null, libraryProject=false, debugabble=false, minSdkVersion=8, maxSdkVersion=-1, targetSdkVersion=15]
15:39:07.152 [Worker-208] INFO  o.a.r.ProjectRClassFinder:48 - Found project R class: com.jayqqaa12.pop.R
15:39:07.153 [Worker-208] INFO  o.a.r.AndroidRClassFinder:44 - Found Android class: android.R
15:39:07.157 [Worker-208] INFO  o.a.p.ModelValidator:42 - Validating elements
15:39:07.157 [Worker-208] DEBUG o.a.p.ModelValidator:62 - Validating with EBeanHandler: [com.jayqqaa12.pop.MenuPop]
15:39:07.158 [Worker-208] DEBUG o.a.p.ModelValidator:62 - Validating with BeanHandler: [adapter]
15:39:07.158 [Worker-208] INFO  o.a.p.ModelProcessor:73 - Processing root elements
15:39:07.159 [Worker-208] DEBUG o.a.p.ModelProcessor:80 - Processing root elements EBeanHandler: [com.jayqqaa12.pop.MenuPop]
15:39:07.159 [Worker-208] INFO  o.a.p.ModelProcessor:104 - Processing enclosed elements
15:39:07.160 [Worker-208] INFO  o.a.AndroidAnnotationProcessor:259 - Number of files generated by AndroidAnnotations: 1
15:39:07.160 [Worker-208] INFO  o.a.g.ApiCodeGenerator:52 - Writting following API classes in project: []
15:39:07.161 [Worker-208] DEBUG o.a.g.SourceCodewriter:55 - Generating class: com.jayqqaa12.pop.MenuPop_
15:39:07.162 [Worker-208] INFO  o.a.p.TimeStats:81 - Time measurements: [Whole Processing = 14 ms], [Find R Classes = 4 ms], [Extract Manifest = 2 ms], [Process Annotations = 2 ms], [Generate Sources = 2 ms], [Extract Annotations = 1 ms], [Validate Annotations = 1 ms], 
15:39:07.162 [Worker-208] INFO  o.a.AndroidAnnotationProcessor:131 - Finish processing
15:40:13.541 [Worker-205] INFO  o.a.AndroidAnnotationProcessor:86 - Initialize AndroidAnnotationProcessor with options {phase=BUILD}
15:40:13.543 [Worker-205] INFO  o.a.AndroidAnnotationProcessor:117 - Start processing for 1 annotations on 1 elements
15:40:13.544 [Worker-205] DEBUG o.a.h.AndroidManifestFinder:137 - AndroidManifest.xml file found in parent folder E:\workspace\PicPopupWindow: E:\workspace\PicPopupWindow\AndroidManifest.xml
15:40:13.545 [Worker-205] INFO  o.a.AndroidAnnotationProcessor:180 - AndroidManifest.xml found: AndroidManifest [applicationPackage=com.jayqqaa12.pop, componentQualifiedNames=[com.jayqqaa12.pop.MainActivity], permissionQualifiedNames=[], applicationClassName=null, libraryProject=false, debugabble=false, minSdkVersion=8, maxSdkVersion=-1, targetSdkVersion=15]
15:40:13.546 [Worker-205] INFO  o.a.r.ProjectRClassFinder:48 - Found project R class: com.jayqqaa12.pop.R
15:40:13.547 [Worker-205] INFO  o.a.r.AndroidRClassFinder:44 - Found Android class: android.R
15:40:13.550 [Worker-205] INFO  o.a.p.ModelValidator:42 - Validating elements
15:40:13.551 [Worker-205] DEBUG o.a.p.ModelValidator:62 - Validating with EBeanHandler: [com.jayqqaa12.pop.MenuAdapter]
15:40:13.552 [Worker-205] INFO  o.a.p.ModelProcessor:73 - Processing root elements
15:40:13.552 [Worker-205] DEBUG o.a.p.ModelProcessor:80 - Processing root elements EBeanHandler: [com.jayqqaa12.pop.MenuAdapter]
15:40:13.552 [Worker-205] INFO  o.a.p.ModelProcessor:104 - Processing enclosed elements
15:40:13.553 [Worker-205] INFO  o.a.AndroidAnnotationProcessor:259 - Number of files generated by AndroidAnnotations: 1
15:40:13.553 [Worker-205] INFO  o.a.g.ApiCodeGenerator:52 - Writting following API classes in project: []
15:40:13.554 [Worker-205] DEBUG o.a.g.SourceCodewriter:55 - Generating class: com.jayqqaa12.pop.MenuAdapter_
15:40:13.592 [Worker-205] INFO  o.a.p.TimeStats:81 - Time measurements: [Whole Processing = 49 ms], [Generate Sources = 39 ms], [Find R Classes = 4 ms], [Process Annotations = 2 ms], [Extract Annotations = 1 ms], [Extract Manifest = 1 ms], [Validate Annotations = 1 ms], 
15:40:13.593 [Worker-205] INFO  o.a.AndroidAnnotationProcessor:131 - Finish processing
15:40:42.494 [Worker-207] INFO  o.a.AndroidAnnotationProcessor:86 - Initialize AndroidAnnotationProcessor with options {phase=BUILD}
15:40:49.815 [Worker-201] INFO  o.a.AndroidAnnotationProcessor:86 - Initialize AndroidAnnotationProcessor with options {phase=BUILD}
15:40:53.33 [Worker-203] INFO  o.a.AndroidAnnotationProcessor:86 - Initialize AndroidAnnotationProcessor with options {phase=BUILD}
15:41:07.323 [Worker-201] INFO  o.a.AndroidAnnotationProcessor:86 - Initialize AndroidAnnotationProcessor with options {phase=BUILD}
15:41:48.376 [Worker-202] INFO  o.a.AndroidAnnotationProcessor:86 - Initialize AndroidAnnotationProcessor with options {phase=BUILD}
15:41:54.6 [Worker-205] INFO  o.a.AndroidAnnotationProcessor:86 - Initialize AndroidAnnotationProcessor with options {phase=BUILD}
15:42:38.26 [Worker-201] INFO  o.a.AndroidAnnotationProcessor:86 - Initialize AndroidAnnotationProcessor with options {phase=BUILD}
15:43:29.626 [Worker-205] INFO  o.a.AndroidAnnotationProcessor:86 - Initialize AndroidAnnotationProcessor with options {phase=BUILD}
15:43:39.672 [Worker-205] INFO  o.a.AndroidAnnotationProcessor:86 - Initialize AndroidAnnotationProcessor with options {phase=BUILD}
15:43:41.833 [Worker-203] INFO  o.a.AndroidAnnotationProcessor:86 - Initialize AndroidAnnotationProcessor with options {phase=BUILD}
15:45:05.868 [Worker-200] INFO  o.a.AndroidAnnotationProcessor:86 - Initialize AndroidAnnotationProcessor with options {phase=BUILD}
15:45:12.422 [Worker-200] INFO  o.a.AndroidAnnotationProcessor:86 - Initialize AndroidAnnotationProcessor with options {phase=BUILD}
15:45:14.726 [Worker-201] INFO  o.a.AndroidAnnotationProcessor:86 - Initialize AndroidAnnotationProcessor with options {phase=BUILD}
15:45:25.401 [Worker-203] INFO  o.a.AndroidAnnotationProcessor:86 - Initialize AndroidAnnotationProcessor with options {phase=BUILD}
15:45:33.761 [Worker-206] INFO  o.a.AndroidAnnotationProcessor:86 - Initialize AndroidAnnotationProcessor with options {phase=BUILD}
15:45:37.65 [Worker-194] INFO  o.a.AndroidAnnotationProcessor:86 - Initialize AndroidAnnotationProcessor with options {phase=BUILD}
15:45:46.901 [Worker-208] INFO  o.a.AndroidAnnotationProcessor:86 - Initialize AndroidAnnotationProcessor with options {phase=BUILD}
15:46:11.208 [Worker-207] INFO  o.a.AndroidAnnotationProcessor:86 - Initialize AndroidAnnotationProcessor with options {phase=BUILD}
15:46:27.992 [Worker-194] INFO  o.a.AndroidAnnotationProcessor:86 - Initialize AndroidAnnotationProcessor with options {phase=BUILD}
15:46:30.689 [Worker-205] INFO  o.a.AndroidAnnotationProcessor:86 - Initialize AndroidAnnotationProcessor with options {phase=BUILD}
15:46:59.678 [Worker-202] INFO  o.a.AndroidAnnotationProcessor:86 - Initialize AndroidAnnotationProcessor with options {phase=BUILD}
15:47:03.873 [Worker-207] INFO  o.a.AndroidAnnotationProcessor:86 - Initialize AndroidAnnotationProcessor with options {phase=BUILD}
15:47:07.80 [Worker-205] INFO  o.a.AndroidAnnotationProcessor:86 - Initialize AndroidAnnotationProcessor with options {phase=BUILD}
15:47:20.611 [Worker-207] INFO  o.a.AndroidAnnotationProcessor:86 - Initialize AndroidAnnotationProcessor with options {phase=BUILD}
15:47:24.973 [Worker-200] INFO  o.a.AndroidAnnotationProcessor:86 - Initialize AndroidAnnotationProcessor with options {phase=BUILD}
15:47:27.625 [Worker-200] INFO  o.a.AndroidAnnotationProcessor:86 - Initialize AndroidAnnotationProcessor with options {phase=BUILD}
15:47:34.8 [Worker-208] INFO  o.a.AndroidAnnotationProcessor:86 - Initialize AndroidAnnotationProcessor with options {phase=BUILD}
15:47:38.632 [Worker-200] INFO  o.a.AndroidAnnotationProcessor:86 - Initialize AndroidAnnotationProcessor with options {phase=BUILD}
15:47:38.634 [Worker-200] INFO  o.a.AndroidAnnotationProcessor:117 - Start processing for 1 annotations on 1 elements
15:47:38.636 [Worker-200] DEBUG o.a.h.AndroidManifestFinder:137 - AndroidManifest.xml file found in parent folder E:\workspace\PicPopupWindow: E:\workspace\PicPopupWindow\AndroidManifest.xml
15:47:38.639 [Worker-200] INFO  o.a.AndroidAnnotationProcessor:180 - AndroidManifest.xml found: AndroidManifest [applicationPackage=com.jayqqaa12.pop, componentQualifiedNames=[com.jayqqaa12.pop.MainActivity], permissionQualifiedNames=[], applicationClassName=null, libraryProject=false, debugabble=false, minSdkVersion=8, maxSdkVersion=-1, targetSdkVersion=15]
15:47:38.640 [Worker-200] INFO  o.a.r.ProjectRClassFinder:48 - Found project R class: com.jayqqaa12.pop.R
15:47:38.643 [Worker-200] INFO  o.a.r.AndroidRClassFinder:44 - Found Android class: android.R
15:47:38.649 [Worker-200] INFO  o.a.p.ModelValidator:42 - Validating elements
15:47:38.650 [Worker-200] DEBUG o.a.p.ModelValidator:62 - Validating with EBeanHandler: [com.jayqqaa12.pop.PopEngine]
15:47:38.652 [Worker-200] INFO  o.a.p.ModelProcessor:73 - Processing root elements
15:47:38.653 [Worker-200] DEBUG o.a.p.ModelProcessor:80 - Processing root elements EBeanHandler: [com.jayqqaa12.pop.PopEngine]
15:47:38.653 [Worker-200] INFO  o.a.p.ModelProcessor:104 - Processing enclosed elements
15:47:38.654 [Worker-200] INFO  o.a.AndroidAnnotationProcessor:259 - Number of files generated by AndroidAnnotations: 1
15:47:38.654 [Worker-200] INFO  o.a.g.ApiCodeGenerator:52 - Writting following API classes in project: []
15:47:38.655 [Worker-200] DEBUG o.a.g.SourceCodewriter:55 - Generating class: com.jayqqaa12.pop.PopEngine_
15:47:38.657 [Worker-200] INFO  o.a.p.TimeStats:81 - Time measurements: [Whole Processing = 23 ms], [Find R Classes = 9 ms], [Extract Manifest = 3 ms], [Validate Annotations = 3 ms], [Generate Sources = 3 ms], [Process Annotations = 2 ms], [Extract Annotations = 1 ms], 
15:47:38.658 [Worker-200] INFO  o.a.AndroidAnnotationProcessor:131 - Finish processing
15:48:45.197 [Worker-213] INFO  o.a.AndroidAnnotationProcessor:86 - Initialize AndroidAnnotationProcessor with options {phase=BUILD}
15:48:45.199 [Worker-213] INFO  o.a.AndroidAnnotationProcessor:117 - Start processing for 1 annotations on 1 elements
15:48:45.200 [Worker-213] DEBUG o.a.h.AndroidManifestFinder:137 - AndroidManifest.xml file found in parent folder E:\workspace\PicPopupWindow: E:\workspace\PicPopupWindow\AndroidManifest.xml
15:48:45.201 [Worker-213] INFO  o.a.AndroidAnnotationProcessor:180 - AndroidManifest.xml found: AndroidManifest [applicationPackage=com.jayqqaa12.pop, componentQualifiedNames=[com.jayqqaa12.pop.MainActivity], permissionQualifiedNames=[], applicationClassName=null, libraryProject=false, debugabble=false, minSdkVersion=8, maxSdkVersion=-1, targetSdkVersion=15]
15:48:45.202 [Worker-213] INFO  o.a.r.ProjectRClassFinder:48 - Found project R class: com.jayqqaa12.pop.R
15:48:45.204 [Worker-213] INFO  o.a.r.AndroidRClassFinder:44 - Found Android class: android.R
15:48:45.207 [Worker-213] INFO  o.a.p.ModelValidator:42 - Validating elements
15:48:45.208 [Worker-213] DEBUG o.a.p.ModelValidator:62 - Validating with EBeanHandler: [com.jayqqaa12.pop.PopEngine]
15:48:45.209 [Worker-213] INFO  o.a.p.ModelProcessor:73 - Processing root elements
15:48:45.209 [Worker-213] DEBUG o.a.p.ModelProcessor:80 - Processing root elements EBeanHandler: [com.jayqqaa12.pop.PopEngine]
15:48:45.210 [Worker-213] INFO  o.a.p.ModelProcessor:104 - Processing enclosed elements
15:48:45.211 [Worker-213] INFO  o.a.AndroidAnnotationProcessor:259 - Number of files generated by AndroidAnnotations: 1
15:48:45.211 [Worker-213] INFO  o.a.g.ApiCodeGenerator:52 - Writting following API classes in project: []
15:48:45.211 [Worker-213] DEBUG o.a.g.SourceCodewriter:55 - Generating class: com.jayqqaa12.pop.PopEngine_
15:48:45.213 [Worker-213] INFO  o.a.p.TimeStats:81 - Time measurements: [Whole Processing = 14 ms], [Find R Classes = 5 ms], [Validate Annotations = 2 ms], [Process Annotations = 2 ms], [Generate Sources = 2 ms], [Extract Annotations = 1 ms], [Extract Manifest = 1 ms], 
15:48:45.213 [Worker-213] INFO  o.a.AndroidAnnotationProcessor:131 - Finish processing
15:48:51.405 [Worker-212] INFO  o.a.AndroidAnnotationProcessor:86 - Initialize AndroidAnnotationProcessor with options {phase=BUILD}
15:48:53.898 [Worker-203] INFO  o.a.AndroidAnnotationProcessor:86 - Initialize AndroidAnnotationProcessor with options {phase=BUILD}
15:48:55.858 [Worker-200] INFO  o.a.AndroidAnnotationProcessor:86 - Initialize AndroidAnnotationProcessor with options {phase=BUILD}
15:48:57.725 [Worker-205] INFO  o.a.AndroidAnnotationProcessor:86 - Initialize AndroidAnnotationProcessor with options {phase=BUILD}
15:49:01.25 [Worker-212] INFO  o.a.AndroidAnnotationProcessor:86 - Initialize AndroidAnnotationProcessor with options {phase=BUILD}
15:49:04.213 [Worker-208] INFO  o.a.AndroidAnnotationProcessor:86 - Initialize AndroidAnnotationProcessor with options {phase=BUILD}
15:50:54.553 [Worker-203] INFO  o.a.AndroidAnnotationProcessor:86 - Initialize AndroidAnnotationProcessor with options {phase=BUILD}
15:51:26.388 [Worker-194] INFO  o.a.AndroidAnnotationProcessor:86 - Initialize AndroidAnnotationProcessor with options {phase=BUILD}
15:51:34.870 [Worker-203] INFO  o.a.AndroidAnnotationProcessor:86 - Initialize AndroidAnnotationProcessor with options {phase=BUILD}
15:51:51.26 [Worker-207] INFO  o.a.AndroidAnnotationProcessor:86 - Initialize AndroidAnnotationProcessor with options {phase=BUILD}
15:51:52.122 [Worker-212] INFO  o.a.AndroidAnnotationProcessor:86 - Initialize AndroidAnnotationProcessor with options {phase=BUILD}
15:51:54.279 [Worker-212] INFO  o.a.AndroidAnnotationProcessor:86 - Initialize AndroidAnnotationProcessor with options {phase=BUILD}
15:52:06.797 [Worker-202] INFO  o.a.AndroidAnnotationProcessor:86 - Initialize AndroidAnnotationProcessor with options {phase=BUILD}
15:52:09.414 [Worker-194] INFO  o.a.AndroidAnnotationProcessor:86 - Initialize AndroidAnnotationProcessor with options {phase=BUILD}
15:52:23.126 [Worker-205] INFO  o.a.AndroidAnnotationProcessor:86 - Initialize AndroidAnnotationProcessor with options {phase=BUILD}
15:52:30.86 [Worker-207] INFO  o.a.AndroidAnnotationProcessor:86 - Initialize AndroidAnnotationProcessor with options {phase=BUILD}
15:52:31.486 [Worker-213] INFO  o.a.AndroidAnnotationProcessor:86 - Initialize AndroidAnnotationProcessor with options {phase=BUILD}
15:52:35.21 [Worker-212] INFO  o.a.AndroidAnnotationProcessor:86 - Initialize AndroidAnnotationProcessor with options {phase=BUILD}
15:53:05.445 [Worker-210] INFO  o.a.AndroidAnnotationProcessor:86 - Initialize AndroidAnnotationProcessor with options {phase=BUILD}
15:54:27.572 [Worker-205] INFO  o.a.AndroidAnnotationProcessor:86 - Initialize AndroidAnnotationProcessor with options {phase=BUILD}
15:54:36.574 [Worker-202] INFO  o.a.AndroidAnnotationProcessor:86 - Initialize AndroidAnnotationProcessor with options {phase=BUILD}
15:54:46.389 [Worker-208] INFO  o.a.AndroidAnnotationProcessor:86 - Initialize AndroidAnnotationProcessor with options {phase=BUILD}
15:54:55.892 [Worker-205] INFO  o.a.AndroidAnnotationProcessor:86 - Initialize AndroidAnnotationProcessor with options {phase=BUILD}
15:55:26.89 [Worker-208] INFO  o.a.AndroidAnnotationProcessor:86 - Initialize AndroidAnnotationProcessor with options {phase=BUILD}
15:56:06.616 [Worker-212] INFO  o.a.AndroidAnnotationProcessor:86 - Initialize AndroidAnnotationProcessor with options {phase=BUILD}
15:56:13.816 [Worker-200] INFO  o.a.AndroidAnnotationProcessor:86 - Initialize AndroidAnnotationProcessor with options {phase=BUILD}
15:56:32.418 [Worker-194] INFO  o.a.AndroidAnnotationProcessor:86 - Initialize AndroidAnnotationProcessor with options {phase=BUILD}
15:56:38.398 [Worker-201] INFO  o.a.AndroidAnnotationProcessor:86 - Initialize AndroidAnnotationProcessor with options {phase=BUILD}
15:56:47.359 [Worker-212] INFO  o.a.AndroidAnnotationProcessor:86 - Initialize AndroidAnnotationProcessor with options {phase=BUILD}
15:56:53.522 [Worker-203] INFO  o.a.AndroidAnnotationProcessor:86 - Initialize AndroidAnnotationProcessor with options {phase=BUILD}
15:57:12.522 [Worker-206] INFO  o.a.AndroidAnnotationProcessor:86 - Initialize AndroidAnnotationProcessor with options {phase=BUILD}
15:57:17.485 [Worker-203] INFO  o.a.AndroidAnnotationProcessor:86 - Initialize AndroidAnnotationProcessor with options {phase=BUILD}
15:57:38.37 [Worker-202] INFO  o.a.AndroidAnnotationProcessor:86 - Initialize AndroidAnnotationProcessor with options {phase=BUILD}
15:58:03.758 [Worker-203] INFO  o.a.AndroidAnnotationProcessor:86 - Initialize AndroidAnnotationProcessor with options {phase=BUILD}
15:58:11.562 [Worker-205] INFO  o.a.AndroidAnnotationProcessor:86 - Initialize AndroidAnnotationProcessor with options {phase=BUILD}
15:58:15.494 [Worker-207] INFO  o.a.AndroidAnnotationProcessor:86 - Initialize AndroidAnnotationProcessor with options {phase=BUILD}
15:58:20.572 [Worker-208] INFO  o.a.AndroidAnnotationProcessor:86 - Initialize AndroidAnnotationProcessor with options {phase=BUILD}
15:58:44.637 [Worker-213] INFO  o.a.AndroidAnnotationProcessor:86 - Initialize AndroidAnnotationProcessor with options {phase=BUILD}
15:58:48.586 [Worker-200] INFO  o.a.AndroidAnnotationProcessor:86 - Initialize AndroidAnnotationProcessor with options {phase=BUILD}
15:58:49.696 [Worker-206] INFO  o.a.AndroidAnnotationProcessor:86 - Initialize AndroidAnnotationProcessor with options {phase=BUILD}
16:00:00.819 [Worker-205] INFO  o.a.AndroidAnnotationProcessor:86 - Initialize AndroidAnnotationProcessor with options {phase=BUILD}
16:00:43.430 [Worker-207] INFO  o.a.AndroidAnnotationProcessor:86 - Initialize AndroidAnnotationProcessor with options {phase=BUILD}
16:00:56.983 [Worker-210] INFO  o.a.AndroidAnnotationProcessor:86 - Initialize AndroidAnnotationProcessor with options {phase=BUILD}
16:01:04.536 [Worker-202] INFO  o.a.AndroidAnnotationProcessor:86 - Initialize AndroidAnnotationProcessor with options {phase=BUILD}
16:02:10.170 [Worker-207] INFO  o.a.AndroidAnnotationProcessor:86 - Initialize AndroidAnnotationProcessor with options {phase=BUILD}
16:02:35.521 [Worker-201] INFO  o.a.AndroidAnnotationProcessor:86 - Initialize AndroidAnnotationProcessor with options {phase=BUILD}
16:03:47.895 [Worker-203] INFO  o.a.AndroidAnnotationProcessor:86 - Initialize AndroidAnnotationProcessor with options {phase=BUILD}
16:03:51.724 [Worker-194] INFO  o.a.AndroidAnnotationProcessor:86 - Initialize AndroidAnnotationProcessor with options {phase=BUILD}
16:04:23.286 [Worker-203] INFO  o.a.AndroidAnnotationProcessor:86 - Initialize AndroidAnnotationProcessor with options {phase=BUILD}
16:04:26.717 [Worker-213] INFO  o.a.AndroidAnnotationProcessor:86 - Initialize AndroidAnnotationProcessor with options {phase=BUILD}
16:08:28.423 [Worker-203] INFO  o.a.AndroidAnnotationProcessor:86 - Initialize AndroidAnnotationProcessor with options {phase=BUILD}
16:08:37.304 [Worker-203] INFO  o.a.AndroidAnnotationProcessor:86 - Initialize AndroidAnnotationProcessor with options {phase=BUILD}
16:08:44.542 [Worker-200] INFO  o.a.AndroidAnnotationProcessor:86 - Initialize AndroidAnnotationProcessor with options {phase=BUILD}
16:08:57.385 [Worker-201] INFO  o.a.AndroidAnnotationProcessor:86 - Initialize AndroidAnnotationProcessor with options {phase=BUILD}
16:09:18.380 [Worker-212] INFO  o.a.AndroidAnnotationProcessor:86 - Initialize AndroidAnnotationProcessor with options {phase=BUILD}
16:09:45.798 [Worker-201] INFO  o.a.AndroidAnnotationProcessor:86 - Initialize AndroidAnnotationProcessor with options {phase=BUILD}
16:10:01.591 [Worker-214] INFO  o.a.AndroidAnnotationProcessor:86 - Initialize AndroidAnnotationProcessor with options {phase=BUILD}
16:10:22.433 [Worker-212] INFO  o.a.AndroidAnnotationProcessor:86 - Initialize AndroidAnnotationProcessor with options {phase=BUILD}
16:10:23.591 [Worker-212] INFO  o.a.AndroidAnnotationProcessor:86 - Initialize AndroidAnnotationProcessor with options {phase=BUILD}
16:10:43.196 [Worker-214] INFO  o.a.AndroidAnnotationProcessor:86 - Initialize AndroidAnnotationProcessor with options {phase=BUILD}
16:10:48.254 [Worker-213] INFO  o.a.AndroidAnnotationProcessor:86 - Initialize AndroidAnnotationProcessor with options {phase=BUILD}
16:12:14.999 [Worker-206] INFO  o.a.AndroidAnnotationProcessor:86 - Initialize AndroidAnnotationProcessor with options {phase=BUILD}
16:12:20.143 [Worker-200] INFO  o.a.AndroidAnnotationProcessor:86 - Initialize AndroidAnnotationProcessor with options {phase=BUILD}
16:12:33.648 [Worker-201] INFO  o.a.AndroidAnnotationProcessor:86 - Initialize AndroidAnnotationProcessor with options {phase=BUILD}
16:12:58.64 [Worker-212] INFO  o.a.AndroidAnnotationProcessor:86 - Initialize AndroidAnnotationProcessor with options {phase=BUILD}
16:13:23.383 [Worker-205] INFO  o.a.AndroidAnnotationProcessor:86 - Initialize AndroidAnnotationProcessor with options {phase=BUILD}
16:13:46.55 [Worker-200] INFO  o.a.AndroidAnnotationProcessor:86 - Initialize AndroidAnnotationProcessor with options {phase=BUILD}
16:14:03.108 [Worker-194] INFO  o.a.AndroidAnnotationProcessor:86 - Initialize AndroidAnnotationProcessor with options {phase=BUILD}
16:14:03.110 [Worker-194] INFO  o.a.AndroidAnnotationProcessor:117 - Start processing for 1 annotations on 1 elements
16:14:03.116 [Worker-194] DEBUG o.a.h.AndroidManifestFinder:137 - AndroidManifest.xml file found in parent folder E:\workspace\PicPopupWindow: E:\workspace\PicPopupWindow\AndroidManifest.xml
16:14:03.118 [Worker-194] INFO  o.a.AndroidAnnotationProcessor:180 - AndroidManifest.xml found: AndroidManifest [applicationPackage=com.jayqqaa12.pop, componentQualifiedNames=[com.jayqqaa12.pop.MainActivity], permissionQualifiedNames=[], applicationClassName=null, libraryProject=false, debugabble=false, minSdkVersion=8, maxSdkVersion=-1, targetSdkVersion=15]
16:14:03.118 [Worker-194] INFO  o.a.r.ProjectRClassFinder:48 - Found project R class: com.jayqqaa12.pop.R
16:14:03.120 [Worker-194] INFO  o.a.r.AndroidRClassFinder:44 - Found Android class: android.R
16:14:03.123 [Worker-194] INFO  o.a.p.ModelValidator:42 - Validating elements
16:14:03.124 [Worker-194] DEBUG o.a.p.ModelValidator:62 - Validating with BeanHandler: [pop]
16:14:03.125 [Worker-194] ERROR o.a.h.AnnotationHelper:110 - @org.androidannotations.annotations.Bean can only be used in a class annotated with @org.androidannotations.annotations.EApplication, @org.androidannotations.annotations.EActivity, @org.androidannotations.annotations.EViewGroup, @org.androidannotations.annotations.EView, @org.androidannotations.annotations.EBean, @org.androidannotations.annotations.EService, @org.androidannotations.annotations.EIntentService, @org.androidannotations.annotations.EReceiver, @org.androidannotations.annotations.EProvider, @org.androidannotations.annotations.EFragment.
16:14:03.125 [Worker-194] ERROR o.a.h.AnnotationHelper:110 - @org.androidannotations.annotations.Bean can only be used on an element annotated with @org.androidannotations.annotations.EBean
16:14:03.125 [Worker-194] WARN  o.a.p.ModelValidator:69 - Element BeanHandler unvalidated by 
16:14:03.125 [Worker-194] INFO  o.a.p.ModelProcessor:73 - Processing root elements
16:14:03.126 [Worker-194] INFO  o.a.p.ModelProcessor:104 - Processing enclosed elements
16:14:03.126 [Worker-194] INFO  o.a.AndroidAnnotationProcessor:259 - Number of files generated by AndroidAnnotations: 0
16:14:03.126 [Worker-194] INFO  o.a.g.ApiCodeGenerator:52 - Writting following API classes in project: []
16:14:03.127 [Worker-194] INFO  o.a.p.TimeStats:81 - Time measurements: [Whole Processing = 17 ms], [Extract Annotations = 6 ms], [Find R Classes = 5 ms], [Extract Manifest = 2 ms], [Validate Annotations = 2 ms], [Process Annotations = 1 ms], [Generate Sources = 1 ms], 
16:14:03.127 [Worker-194] INFO  o.a.AndroidAnnotationProcessor:131 - Finish processing
16:14:07.703 [Worker-214] INFO  o.a.AndroidAnnotationProcessor:86 - Initialize AndroidAnnotationProcessor with options {phase=BUILD}
16:14:07.706 [Worker-214] INFO  o.a.AndroidAnnotationProcessor:117 - Start processing for 1 annotations on 1 elements
16:14:07.708 [Worker-214] DEBUG o.a.h.AndroidManifestFinder:137 - AndroidManifest.xml file found in parent folder E:\workspace\PicPopupWindow: E:\workspace\PicPopupWindow\AndroidManifest.xml
16:14:07.711 [Worker-214] INFO  o.a.AndroidAnnotationProcessor:180 - AndroidManifest.xml found: AndroidManifest [applicationPackage=com.jayqqaa12.pop, componentQualifiedNames=[com.jayqqaa12.pop.MainActivity], permissionQualifiedNames=[], applicationClassName=null, libraryProject=false, debugabble=false, minSdkVersion=8, maxSdkVersion=-1, targetSdkVersion=15]
16:14:07.712 [Worker-214] INFO  o.a.r.ProjectRClassFinder:48 - Found project R class: com.jayqqaa12.pop.R
16:14:07.715 [Worker-214] INFO  o.a.r.AndroidRClassFinder:44 - Found Android class: android.R
16:14:07.721 [Worker-214] INFO  o.a.p.ModelValidator:42 - Validating elements
16:14:07.722 [Worker-214] DEBUG o.a.p.ModelValidator:62 - Validating with EBeanHandler: [com.jayqqaa12.pop.MenuPop]
16:14:07.723 [Worker-214] INFO  o.a.p.ModelProcessor:73 - Processing root elements
16:14:07.724 [Worker-214] DEBUG o.a.p.ModelProcessor:80 - Processing root elements EBeanHandler: [com.jayqqaa12.pop.MenuPop]
16:14:07.724 [Worker-214] INFO  o.a.p.ModelProcessor:104 - Processing enclosed elements
16:14:07.725 [Worker-214] INFO  o.a.AndroidAnnotationProcessor:259 - Number of files generated by AndroidAnnotations: 1
16:14:07.725 [Worker-214] INFO  o.a.g.ApiCodeGenerator:52 - Writting following API classes in project: []
16:14:07.725 [Worker-214] DEBUG o.a.g.SourceCodewriter:55 - Generating class: com.jayqqaa12.pop.MenuPop_
16:14:07.734 [Worker-214] INFO  o.a.p.TimeStats:81 - Time measurements: [Whole Processing = 28 ms], [Find R Classes = 9 ms], [Generate Sources = 9 ms], [Extract Manifest = 3 ms], [Extract Annotations = 2 ms], [Validate Annotations = 2 ms], [Process Annotations = 2 ms], 
16:14:07.734 [Worker-214] INFO  o.a.AndroidAnnotationProcessor:131 - Finish processing
16:14:15.198 [Worker-212] INFO  o.a.AndroidAnnotationProcessor:86 - Initialize AndroidAnnotationProcessor with options {phase=BUILD}
16:14:16.329 [Worker-212] INFO  o.a.AndroidAnnotationProcessor:86 - Initialize AndroidAnnotationProcessor with options {phase=BUILD}
16:14:18.525 [Worker-214] INFO  o.a.AndroidAnnotationProcessor:86 - Initialize AndroidAnnotationProcessor with options {phase=BUILD}
16:14:23.932 [Worker-201] INFO  o.a.AndroidAnnotationProcessor:86 - Initialize AndroidAnnotationProcessor with options {phase=BUILD}
16:14:46.813 [Worker-201] INFO  o.a.AndroidAnnotationProcessor:86 - Initialize AndroidAnnotationProcessor with options {phase=BUILD}
16:15:22.404 [Worker-203] INFO  o.a.AndroidAnnotationProcessor:86 - Initialize AndroidAnnotationProcessor with options {phase=BUILD}
16:16:04.284 [Worker-210] INFO  o.a.AndroidAnnotationProcessor:86 - Initialize AndroidAnnotationProcessor with options {phase=BUILD}
16:16:18.252 [Worker-203] INFO  o.a.AndroidAnnotationProcessor:86 - Initialize AndroidAnnotationProcessor with options {phase=BUILD}
16:16:19.345 [Worker-206] INFO  o.a.AndroidAnnotationProcessor:86 - Initialize AndroidAnnotationProcessor with options {phase=BUILD}
16:17:18.158 [Worker-205] INFO  o.a.AndroidAnnotationProcessor:86 - Initialize AndroidAnnotationProcessor with options {phase=BUILD}
16:17:39.495 [Worker-208] INFO  o.a.AndroidAnnotationProcessor:86 - Initialize AndroidAnnotationProcessor with options {phase=BUILD}
16:38:44.780 [Worker-0] INFO  o.a.AndroidAnnotationProcessor:86 - Initialize AndroidAnnotationProcessor with options {phase=BUILD}
16:39:06.797 [Worker-15] INFO  o.a.AndroidAnnotationProcessor:86 - Initialize AndroidAnnotationProcessor with options {phase=BUILD}
16:39:22.415 [Worker-8] INFO  o.a.AndroidAnnotationProcessor:86 - Initialize AndroidAnnotationProcessor with options {phase=BUILD}
16:54:51.698 [Worker-41] INFO  o.a.AndroidAnnotationProcessor:86 - Initialize AndroidAnnotationProcessor with options {phase=BUILD}
16:54:59.833 [Worker-32] INFO  o.a.AndroidAnnotationProcessor:86 - Initialize AndroidAnnotationProcessor with options {phase=BUILD}
16:55:05.624 [Worker-32] INFO  o.a.AndroidAnnotationProcessor:86 - Initialize AndroidAnnotationProcessor with options {phase=BUILD}
16:55:40.13 [Worker-32] INFO  o.a.AndroidAnnotationProcessor:86 - Initialize AndroidAnnotationProcessor with options {phase=BUILD}
17:30:42.726 [Worker-47] INFO  o.a.AndroidAnnotationProcessor:86 - Initialize AndroidAnnotationProcessor with options {phase=BUILD}
17:43:34.149 [Worker-63] INFO  o.a.AndroidAnnotationProcessor:86 - Initialize AndroidAnnotationProcessor with options {phase=BUILD}
17:43:34.723 [Worker-62] INFO  o.a.AndroidAnnotationProcessor:86 - Initialize AndroidAnnotationProcessor with options {phase=BUILD}
